c:\users\ayaom\desktop\phase-1-kai-s-black-magic\kai\playground\intermediates\playground engine\glsl 120 debug\vc120.pdb
c:\users\ayaom\desktop\phase-1-kai-s-black-magic\kai\playground\intermediates\playground engine\glsl 120 debug\vc120.idb
c:\users\ayaom\desktop\phase-1-kai-s-black-magic\kai\playground\intermediates\playground engine\glsl 120 debug\actorsystem.obj
c:\users\ayaom\desktop\phase-1-kai-s-black-magic\kai\playground\intermediates\playground engine\glsl 120 debug\animator.obj
c:\users\ayaom\desktop\phase-1-kai-s-black-magic\kai\playground\intermediates\playground engine\glsl 120 debug\collision.obj
c:\users\ayaom\desktop\phase-1-kai-s-black-magic\kai\playground\intermediates\playground engine\glsl 120 debug\collisionsystem.obj
c:\users\ayaom\desktop\phase-1-kai-s-black-magic\kai\playground\intermediates\playground engine\glsl 120 debug\fileloader.obj
c:\users\ayaom\desktop\phase-1-kai-s-black-magic\kai\playground\intermediates\playground engine\glsl 120 debug\imageloader.obj
c:\users\ayaom\desktop\phase-1-kai-s-black-magic\kai\playground\intermediates\playground engine\glsl 120 debug\memoryallocator.obj
c:\users\ayaom\desktop\phase-1-kai-s-black-magic\kai\playground\intermediates\playground engine\glsl 120 debug\mesh.obj
c:\users\ayaom\desktop\phase-1-kai-s-black-magic\kai\playground\intermediates\playground engine\glsl 120 debug\resourcemanager.obj
c:\users\ayaom\desktop\phase-1-kai-s-black-magic\kai\playground\intermediates\playground engine\glsl 120 debug\shader.obj
c:\users\ayaom\desktop\phase-1-kai-s-black-magic\kai\playground\intermediates\playground engine\glsl 120 debug\texture.obj
c:\users\ayaom\desktop\phase-1-kai-s-black-magic\kai\playground\intermediates\playground engine\glsl 120 debug\transform.obj
c:\users\ayaom\desktop\phase-1-kai-s-black-magic\kai\playground\intermediates\playground engine\glsl 120 debug\transformsystem.obj
c:\users\ayaom\desktop\phase-1-kai-s-black-magic\kai\playground\intermediates\playground engine\glsl 120 debug\mat4.obj
c:\users\ayaom\desktop\phase-1-kai-s-black-magic\kai\playground\intermediates\playground engine\glsl 120 debug\vec2.obj
c:\users\ayaom\desktop\phase-1-kai-s-black-magic\kai\playground\intermediates\playground engine\glsl 120 debug\vec3.obj
c:\users\ayaom\desktop\phase-1-kai-s-black-magic\kai\playground\intermediates\playground engine\glsl 120 debug\world.obj
c:\users\ayaom\desktop\phase-1-kai-s-black-magic\kai\playground\intermediates\playground engine\glsl 120 debug\renderingsystem.obj
c:\users\ayaom\desktop\phase-1-kai-s-black-magic\kai\playground\bin\playground engine\glsl 120 debug\playground engine.lib
c:\users\ayaom\desktop\phase-1-kai-s-black-magic\kai\playground\intermediates\playground engine\glsl 120 debug\playgrou.7361398a.tlog\cl.command.1.tlog
c:\users\ayaom\desktop\phase-1-kai-s-black-magic\kai\playground\intermediates\playground engine\glsl 120 debug\playgrou.7361398a.tlog\cl.read.1.tlog
c:\users\ayaom\desktop\phase-1-kai-s-black-magic\kai\playground\intermediates\playground engine\glsl 120 debug\playgrou.7361398a.tlog\cl.write.1.tlog
c:\users\ayaom\desktop\phase-1-kai-s-black-magic\kai\playground\intermediates\playground engine\glsl 120 debug\playgrou.7361398a.tlog\lib-link.read.1.tlog
c:\users\ayaom\desktop\phase-1-kai-s-black-magic\kai\playground\intermediates\playground engine\glsl 120 debug\playgrou.7361398a.tlog\lib-link.write.1.tlog
c:\users\ayaom\desktop\phase-1-kai-s-black-magic\kai\playground\intermediates\playground engine\glsl 120 debug\playgrou.7361398a.tlog\lib.command.1.tlog
