Build started 6/19/2016 5:42:53 AM.
     1>Project "E:\Last Ver\Fantasy Project\Game\Game.vcxproj" on node 2 (Build target(s)).
     1>Link:
         C:\Program Files\Microsoft Visual Studio 12.0\VC\bin\link.exe /ERRORREPORT:PROMPT /OUT:"E:\Last Ver\Fantasy Project\bin\GLSL 120 Debug\Game Layer.dll" /INCREMENTAL /NOLOGO FantasyGUI.lib kernel32.lib user32.lib gdi32.lib winspool.lib comdlg32.lib advapi32.lib shell32.lib ole32.lib oleaut32.lib uuid.lib odbc32.lib odbccp32.lib /NODEFAULTLIB:libcmt.lib /MANIFEST /MANIFESTUAC:"level='asInvoker' uiAccess='false'" /manifest:embed /DEBUG /PDB:"E:\Last Ver\Fantasy Project\bin\GLSL 120 Debug\Game Layer.pdb" /SUBSYSTEM:WINDOWS /TLBID:1 /DYNAMICBASE /NXCOMPAT /IMPLIB:"E:\Last Ver\Fantasy Project\bin\GLSL 120 Debug\Game Layer.lib" /MACHINE:X86 /DLL "E:\Last Ver\Fantasy Project\intermediates\Game\GLSL 120 Debug\EnemyWarrior.obj"
         "E:\Last Ver\Fantasy Project\intermediates\Game\GLSL 120 Debug\Game.obj"
         "E:\Last Ver\Fantasy Project\intermediates\Game\GLSL 120 Debug\Player.obj"
            Creating library E:\Last Ver\Fantasy Project\bin\GLSL 120 Debug\Game Layer.lib and object E:\Last Ver\Fantasy Project\bin\GLSL 120 Debug\Game Layer.exp
     1>FantasyGUI.lib(Matrix4.obj) : warning LNK4099: PDB 'vc120.pdb' was not found with 'FantasyGUI.lib(Matrix4.obj)' or at 'E:\Last Ver\Fantasy Project\bin\GLSL 120 Debug\vc120.pdb'; linking object as if no debug info
     1>FantasyGUI.lib(Vector2.obj) : warning LNK4099: PDB 'vc120.pdb' was not found with 'FantasyGUI.lib(Vector2.obj)' or at 'E:\Last Ver\Fantasy Project\bin\GLSL 120 Debug\vc120.pdb'; linking object as if no debug info
     1>FantasyGUI.lib(Vector3.obj) : warning LNK4099: PDB 'vc120.pdb' was not found with 'FantasyGUI.lib(Vector3.obj)' or at 'E:\Last Ver\Fantasy Project\bin\GLSL 120 Debug\vc120.pdb'; linking object as if no debug info
     1>FantasyGUI.lib(Vector4.obj) : warning LNK4099: PDB 'vc120.pdb' was not found with 'FantasyGUI.lib(Vector4.obj)' or at 'E:\Last Ver\Fantasy Project\bin\GLSL 120 Debug\vc120.pdb'; linking object as if no debug info
     1>FantasyGUI.lib(MemoryPool.obj) : warning LNK4099: PDB 'vc120.pdb' was not found with 'FantasyGUI.lib(MemoryPool.obj)' or at 'E:\Last Ver\Fantasy Project\bin\GLSL 120 Debug\vc120.pdb'; linking object as if no debug info
     1>FantasyGUI.lib(BitmapAccess.obj) : warning LNK4099: PDB 'vc120.pdb' was not found with 'FantasyGUI.lib(BitmapAccess.obj)' or at 'E:\Last Ver\Fantasy Project\bin\GLSL 120 Debug\vc120.pdb'; linking object as if no debug info
     1>FantasyGUI.lib(ColorLookup.obj) : warning LNK4099: PDB 'vc120.pdb' was not found with 'FantasyGUI.lib(ColorLookup.obj)' or at 'E:\Last Ver\Fantasy Project\bin\GLSL 120 Debug\vc120.pdb'; linking object as if no debug info
     1>FantasyGUI.lib(FreeImage.obj) : warning LNK4099: PDB 'vc120.pdb' was not found with 'FantasyGUI.lib(FreeImage.obj)' or at 'E:\Last Ver\Fantasy Project\bin\GLSL 120 Debug\vc120.pdb'; linking object as if no debug info
     1>FantasyGUI.lib(FreeImageIO.obj) : warning LNK4099: PDB 'vc120.pdb' was not found with 'FantasyGUI.lib(FreeImageIO.obj)' or at 'E:\Last Ver\Fantasy Project\bin\GLSL 120 Debug\vc120.pdb'; linking object as if no debug info
     1>FantasyGUI.lib(GetType.obj) : warning LNK4099: PDB 'vc120.pdb' was not found with 'FantasyGUI.lib(GetType.obj)' or at 'E:\Last Ver\Fantasy Project\bin\GLSL 120 Debug\vc120.pdb'; linking object as if no debug info
     1>FantasyGUI.lib(LFPQuantizer.obj) : warning LNK4099: PDB 'vc120.pdb' was not found with 'FantasyGUI.lib(LFPQuantizer.obj)' or at 'E:\Last Ver\Fantasy Project\bin\GLSL 120 Debug\vc120.pdb'; linking object as if no debug info
     1>FantasyGUI.lib(MemoryIO.obj) : warning LNK4099: PDB 'vc120.pdb' was not found with 'FantasyGUI.lib(MemoryIO.obj)' or at 'E:\Last Ver\Fantasy Project\bin\GLSL 120 Debug\vc120.pdb'; linking object as if no debug info
     1>FantasyGUI.lib(PixelAccess.obj) : warning LNK4099: PDB 'vc120.pdb' was not found with 'FantasyGUI.lib(PixelAccess.obj)' or at 'E:\Last Ver\Fantasy Project\bin\GLSL 120 Debug\vc120.pdb'; linking object as if no debug info
     1>FantasyGUI.lib(NNQuantizer.obj) : warning LNK4099: PDB 'vc120.pdb' was not found with 'FantasyGUI.lib(NNQuantizer.obj)' or at 'E:\Last Ver\Fantasy Project\bin\GLSL 120 Debug\vc120.pdb'; linking object as if no debug info
     1>FantasyGUI.lib(WuQuantizer.obj) : warning LNK4099: PDB 'vc120.pdb' was not found with 'FantasyGUI.lib(WuQuantizer.obj)' or at 'E:\Last Ver\Fantasy Project\bin\GLSL 120 Debug\vc120.pdb'; linking object as if no debug info
     1>FantasyGUI.lib(Conversion.obj) : warning LNK4099: PDB 'vc120.pdb' was not found with 'FantasyGUI.lib(Conversion.obj)' or at 'E:\Last Ver\Fantasy Project\bin\GLSL 120 Debug\vc120.pdb'; linking object as if no debug info
     1>FantasyGUI.lib(Conversion16_555.obj) : warning LNK4099: PDB 'vc120.pdb' was not found with 'FantasyGUI.lib(Conversion16_555.obj)' or at 'E:\Last Ver\Fantasy Project\bin\GLSL 120 Debug\vc120.pdb'; linking object as if no debug info
     1>FantasyGUI.lib(Conversion16_565.obj) : warning LNK4099: PDB 'vc120.pdb' was not found with 'FantasyGUI.lib(Conversion16_565.obj)' or at 'E:\Last Ver\Fantasy Project\bin\GLSL 120 Debug\vc120.pdb'; linking object as if no debug info
     1>FantasyGUI.lib(Conversion24.obj) : warning LNK4099: PDB 'vc120.pdb' was not found with 'FantasyGUI.lib(Conversion24.obj)' or at 'E:\Last Ver\Fantasy Project\bin\GLSL 120 Debug\vc120.pdb'; linking object as if no debug info
     1>FantasyGUI.lib(Conversion32.obj) : warning LNK4099: PDB 'vc120.pdb' was not found with 'FantasyGUI.lib(Conversion32.obj)' or at 'E:\Last Ver\Fantasy Project\bin\GLSL 120 Debug\vc120.pdb'; linking object as if no debug info
     1>FantasyGUI.lib(Conversion8.obj) : warning LNK4099: PDB 'vc120.pdb' was not found with 'FantasyGUI.lib(Conversion8.obj)' or at 'E:\Last Ver\Fantasy Project\bin\GLSL 120 Debug\vc120.pdb'; linking object as if no debug info
     1>FantasyGUI.lib(ConversionRGB16.obj) : warning LNK4099: PDB 'vc120.pdb' was not found with 'FantasyGUI.lib(ConversionRGB16.obj)' or at 'E:\Last Ver\Fantasy Project\bin\GLSL 120 Debug\vc120.pdb'; linking object as if no debug info
     1>FantasyGUI.lib(ConversionRGBF.obj) : warning LNK4099: PDB 'vc120.pdb' was not found with 'FantasyGUI.lib(ConversionRGBF.obj)' or at 'E:\Last Ver\Fantasy Project\bin\GLSL 120 Debug\vc120.pdb'; linking object as if no debug info
     1>FantasyGUI.lib(J2KHelper.obj) : warning LNK4099: PDB 'vc120.pdb' was not found with 'FantasyGUI.lib(J2KHelper.obj)' or at 'E:\Last Ver\Fantasy Project\bin\GLSL 120 Debug\vc120.pdb'; linking object as if no debug info
     1>FantasyGUI.lib(MNGHelper.obj) : warning LNK4099: PDB 'vc120.pdb' was not found with 'FantasyGUI.lib(MNGHelper.obj)' or at 'E:\Last Ver\Fantasy Project\bin\GLSL 120 Debug\vc120.pdb'; linking object as if no debug info
     1>FantasyGUI.lib(Plugin.obj) : warning LNK4099: PDB 'vc120.pdb' was not found with 'FantasyGUI.lib(Plugin.obj)' or at 'E:\Last Ver\Fantasy Project\bin\GLSL 120 Debug\vc120.pdb'; linking object as if no debug info
     1>FantasyGUI.lib(PluginBMP.obj) : warning LNK4099: PDB 'vc120.pdb' was not found with 'FantasyGUI.lib(PluginBMP.obj)' or at 'E:\Last Ver\Fantasy Project\bin\GLSL 120 Debug\vc120.pdb'; linking object as if no debug info
     1>FantasyGUI.lib(PluginCUT.obj) : warning LNK4099: PDB 'vc120.pdb' was not found with 'FantasyGUI.lib(PluginCUT.obj)' or at 'E:\Last Ver\Fantasy Project\bin\GLSL 120 Debug\vc120.pdb'; linking object as if no debug info
     1>FantasyGUI.lib(PluginDDS.obj) : warning LNK4099: PDB 'vc120.pdb' was not found with 'FantasyGUI.lib(PluginDDS.obj)' or at 'E:\Last Ver\Fantasy Project\bin\GLSL 120 Debug\vc120.pdb'; linking object as if no debug info
     1>FantasyGUI.lib(PluginEXR.obj) : warning LNK4099: PDB 'vc120.pdb' was not found with 'FantasyGUI.lib(PluginEXR.obj)' or at 'E:\Last Ver\Fantasy Project\bin\GLSL 120 Debug\vc120.pdb'; linking object as if no debug info
     1>FantasyGUI.lib(PluginG3.obj) : warning LNK4099: PDB 'vc120.pdb' was not found with 'FantasyGUI.lib(PluginG3.obj)' or at 'E:\Last Ver\Fantasy Project\bin\GLSL 120 Debug\vc120.pdb'; linking object as if no debug info
     1>FantasyGUI.lib(PluginGIF.obj) : warning LNK4099: PDB 'vc120.pdb' was not found with 'FantasyGUI.lib(PluginGIF.obj)' or at 'E:\Last Ver\Fantasy Project\bin\GLSL 120 Debug\vc120.pdb'; linking object as if no debug info
     1>FantasyGUI.lib(PluginHDR.obj) : warning LNK4099: PDB 'vc120.pdb' was not found with 'FantasyGUI.lib(PluginHDR.obj)' or at 'E:\Last Ver\Fantasy Project\bin\GLSL 120 Debug\vc120.pdb'; linking object as if no debug info
     1>FantasyGUI.lib(PluginICO.obj) : warning LNK4099: PDB 'vc120.pdb' was not found with 'FantasyGUI.lib(PluginICO.obj)' or at 'E:\Last Ver\Fantasy Project\bin\GLSL 120 Debug\vc120.pdb'; linking object as if no debug info
     1>FantasyGUI.lib(PluginIFF.obj) : warning LNK4099: PDB 'vc120.pdb' was not found with 'FantasyGUI.lib(PluginIFF.obj)' or at 'E:\Last Ver\Fantasy Project\bin\GLSL 120 Debug\vc120.pdb'; linking object as if no debug info
     1>FantasyGUI.lib(PluginJ2K.obj) : warning LNK4099: PDB 'vc120.pdb' was not found with 'FantasyGUI.lib(PluginJ2K.obj)' or at 'E:\Last Ver\Fantasy Project\bin\GLSL 120 Debug\vc120.pdb'; linking object as if no debug info
     1>FantasyGUI.lib(PluginJNG.obj) : warning LNK4099: PDB 'vc120.pdb' was not found with 'FantasyGUI.lib(PluginJNG.obj)' or at 'E:\Last Ver\Fantasy Project\bin\GLSL 120 Debug\vc120.pdb'; linking object as if no debug info
     1>FantasyGUI.lib(PluginJP2.obj) : warning LNK4099: PDB 'vc120.pdb' was not found with 'FantasyGUI.lib(PluginJP2.obj)' or at 'E:\Last Ver\Fantasy Project\bin\GLSL 120 Debug\vc120.pdb'; linking object as if no debug info
     1>FantasyGUI.lib(PluginJPEG.obj) : warning LNK4099: PDB 'vc120.pdb' was not found with 'FantasyGUI.lib(PluginJPEG.obj)' or at 'E:\Last Ver\Fantasy Project\bin\GLSL 120 Debug\vc120.pdb'; linking object as if no debug info
     1>FantasyGUI.lib(PluginJXR.obj) : warning LNK4099: PDB 'vc120.pdb' was not found with 'FantasyGUI.lib(PluginJXR.obj)' or at 'E:\Last Ver\Fantasy Project\bin\GLSL 120 Debug\vc120.pdb'; linking object as if no debug info
     1>FantasyGUI.lib(PluginKOALA.obj) : warning LNK4099: PDB 'vc120.pdb' was not found with 'FantasyGUI.lib(PluginKOALA.obj)' or at 'E:\Last Ver\Fantasy Project\bin\GLSL 120 Debug\vc120.pdb'; linking object as if no debug info
     1>FantasyGUI.lib(PluginMNG.obj) : warning LNK4099: PDB 'vc120.pdb' was not found with 'FantasyGUI.lib(PluginMNG.obj)' or at 'E:\Last Ver\Fantasy Project\bin\GLSL 120 Debug\vc120.pdb'; linking object as if no debug info
     1>FantasyGUI.lib(PluginPCD.obj) : warning LNK4099: PDB 'vc120.pdb' was not found with 'FantasyGUI.lib(PluginPCD.obj)' or at 'E:\Last Ver\Fantasy Project\bin\GLSL 120 Debug\vc120.pdb'; linking object as if no debug info
     1>FantasyGUI.lib(PluginPCX.obj) : warning LNK4099: PDB 'vc120.pdb' was not found with 'FantasyGUI.lib(PluginPCX.obj)' or at 'E:\Last Ver\Fantasy Project\bin\GLSL 120 Debug\vc120.pdb'; linking object as if no debug info
     1>FantasyGUI.lib(PluginPFM.obj) : warning LNK4099: PDB 'vc120.pdb' was not found with 'FantasyGUI.lib(PluginPFM.obj)' or at 'E:\Last Ver\Fantasy Project\bin\GLSL 120 Debug\vc120.pdb'; linking object as if no debug info
     1>FantasyGUI.lib(PluginPICT.obj) : warning LNK4099: PDB 'vc120.pdb' was not found with 'FantasyGUI.lib(PluginPICT.obj)' or at 'E:\Last Ver\Fantasy Project\bin\GLSL 120 Debug\vc120.pdb'; linking object as if no debug info
     1>FantasyGUI.lib(PluginPNG.obj) : warning LNK4099: PDB 'vc120.pdb' was not found with 'FantasyGUI.lib(PluginPNG.obj)' or at 'E:\Last Ver\Fantasy Project\bin\GLSL 120 Debug\vc120.pdb'; linking object as if no debug info
     1>FantasyGUI.lib(PluginPNM.obj) : warning LNK4099: PDB 'vc120.pdb' was not found with 'FantasyGUI.lib(PluginPNM.obj)' or at 'E:\Last Ver\Fantasy Project\bin\GLSL 120 Debug\vc120.pdb'; linking object as if no debug info
     1>FantasyGUI.lib(PluginPSD.obj) : warning LNK4099: PDB 'vc120.pdb' was not found with 'FantasyGUI.lib(PluginPSD.obj)' or at 'E:\Last Ver\Fantasy Project\bin\GLSL 120 Debug\vc120.pdb'; linking object as if no debug info
     1>FantasyGUI.lib(PluginRAS.obj) : warning LNK4099: PDB 'vc120.pdb' was not found with 'FantasyGUI.lib(PluginRAS.obj)' or at 'E:\Last Ver\Fantasy Project\bin\GLSL 120 Debug\vc120.pdb'; linking object as if no debug info
     1>FantasyGUI.lib(PluginRAW.obj) : warning LNK4099: PDB 'vc120.pdb' was not found with 'FantasyGUI.lib(PluginRAW.obj)' or at 'E:\Last Ver\Fantasy Project\bin\GLSL 120 Debug\vc120.pdb'; linking object as if no debug info
     1>FantasyGUI.lib(PluginSGI.obj) : warning LNK4099: PDB 'vc120.pdb' was not found with 'FantasyGUI.lib(PluginSGI.obj)' or at 'E:\Last Ver\Fantasy Project\bin\GLSL 120 Debug\vc120.pdb'; linking object as if no debug info
     1>FantasyGUI.lib(PluginTARGA.obj) : warning LNK4099: PDB 'vc120.pdb' was not found with 'FantasyGUI.lib(PluginTARGA.obj)' or at 'E:\Last Ver\Fantasy Project\bin\GLSL 120 Debug\vc120.pdb'; linking object as if no debug info
     1>FantasyGUI.lib(PluginTIFF.obj) : warning LNK4099: PDB 'vc120.pdb' was not found with 'FantasyGUI.lib(PluginTIFF.obj)' or at 'E:\Last Ver\Fantasy Project\bin\GLSL 120 Debug\vc120.pdb'; linking object as if no debug info
     1>FantasyGUI.lib(PluginWBMP.obj) : warning LNK4099: PDB 'vc120.pdb' was not found with 'FantasyGUI.lib(PluginWBMP.obj)' or at 'E:\Last Ver\Fantasy Project\bin\GLSL 120 Debug\vc120.pdb'; linking object as if no debug info
     1>FantasyGUI.lib(PluginWebP.obj) : warning LNK4099: PDB 'vc120.pdb' was not found with 'FantasyGUI.lib(PluginWebP.obj)' or at 'E:\Last Ver\Fantasy Project\bin\GLSL 120 Debug\vc120.pdb'; linking object as if no debug info
     1>FantasyGUI.lib(PluginXBM.obj) : warning LNK4099: PDB 'vc120.pdb' was not found with 'FantasyGUI.lib(PluginXBM.obj)' or at 'E:\Last Ver\Fantasy Project\bin\GLSL 120 Debug\vc120.pdb'; linking object as if no debug info
     1>FantasyGUI.lib(PluginXPM.obj) : warning LNK4099: PDB 'vc120.pdb' was not found with 'FantasyGUI.lib(PluginXPM.obj)' or at 'E:\Last Ver\Fantasy Project\bin\GLSL 120 Debug\vc120.pdb'; linking object as if no debug info
     1>FantasyGUI.lib(PSDParser.obj) : warning LNK4099: PDB 'vc120.pdb' was not found with 'FantasyGUI.lib(PSDParser.obj)' or at 'E:\Last Ver\Fantasy Project\bin\GLSL 120 Debug\vc120.pdb'; linking object as if no debug info
     1>FantasyGUI.lib(TIFFLogLuv.obj) : warning LNK4099: PDB 'vc120.pdb' was not found with 'FantasyGUI.lib(TIFFLogLuv.obj)' or at 'E:\Last Ver\Fantasy Project\bin\GLSL 120 Debug\vc120.pdb'; linking object as if no debug info
     1>FantasyGUI.lib(ZLibInterface.obj) : warning LNK4099: PDB 'vc120.pdb' was not found with 'FantasyGUI.lib(ZLibInterface.obj)' or at 'E:\Last Ver\Fantasy Project\bin\GLSL 120 Debug\vc120.pdb'; linking object as if no debug info
     1>FantasyGUI.lib(Exif.obj) : warning LNK4099: PDB 'vc120.pdb' was not found with 'FantasyGUI.lib(Exif.obj)' or at 'E:\Last Ver\Fantasy Project\bin\GLSL 120 Debug\vc120.pdb'; linking object as if no debug info
     1>FantasyGUI.lib(FIRational.obj) : warning LNK4099: PDB 'vc120.pdb' was not found with 'FantasyGUI.lib(FIRational.obj)' or at 'E:\Last Ver\Fantasy Project\bin\GLSL 120 Debug\vc120.pdb'; linking object as if no debug info
     1>FantasyGUI.lib(FreeImageTag.obj) : warning LNK4099: PDB 'vc120.pdb' was not found with 'FantasyGUI.lib(FreeImageTag.obj)' or at 'E:\Last Ver\Fantasy Project\bin\GLSL 120 Debug\vc120.pdb'; linking object as if no debug info
     1>FantasyGUI.lib(IPTC.obj) : warning LNK4099: PDB 'vc120.pdb' was not found with 'FantasyGUI.lib(IPTC.obj)' or at 'E:\Last Ver\Fantasy Project\bin\GLSL 120 Debug\vc120.pdb'; linking object as if no debug info
     1>FantasyGUI.lib(TagLib.obj) : warning LNK4099: PDB 'vc120.pdb' was not found with 'FantasyGUI.lib(TagLib.obj)' or at 'E:\Last Ver\Fantasy Project\bin\GLSL 120 Debug\vc120.pdb'; linking object as if no debug info
     1>FantasyGUI.lib(XTIFF.obj) : warning LNK4099: PDB 'vc120.pdb' was not found with 'FantasyGUI.lib(XTIFF.obj)' or at 'E:\Last Ver\Fantasy Project\bin\GLSL 120 Debug\vc120.pdb'; linking object as if no debug info
     1>FantasyGUI.lib(Channels.obj) : warning LNK4099: PDB 'vc120.pdb' was not found with 'FantasyGUI.lib(Channels.obj)' or at 'E:\Last Ver\Fantasy Project\bin\GLSL 120 Debug\vc120.pdb'; linking object as if no debug info
     1>FantasyGUI.lib(ClassicRotate.obj) : warning LNK4099: PDB 'vc120.pdb' was not found with 'FantasyGUI.lib(ClassicRotate.obj)' or at 'E:\Last Ver\Fantasy Project\bin\GLSL 120 Debug\vc120.pdb'; linking object as if no debug info
     1>FantasyGUI.lib(Colors.obj) : warning LNK4099: PDB 'vc120.pdb' was not found with 'FantasyGUI.lib(Colors.obj)' or at 'E:\Last Ver\Fantasy Project\bin\GLSL 120 Debug\vc120.pdb'; linking object as if no debug info
     1>FantasyGUI.lib(Flip.obj) : warning LNK4099: PDB 'vc120.pdb' was not found with 'FantasyGUI.lib(Flip.obj)' or at 'E:\Last Ver\Fantasy Project\bin\GLSL 120 Debug\vc120.pdb'; linking object as if no debug info
     1>FantasyGUI.lib(IlmThreadSemaphore.obj) : warning LNK4099: PDB 'vc120.pdb' was not found with 'FantasyGUI.lib(IlmThreadSemaphore.obj)' or at 'E:\Last Ver\Fantasy Project\bin\GLSL 120 Debug\vc120.pdb'; linking object as if no debug info
     1>FantasyGUI.lib(IlmThreadPool.obj) : warning LNK4099: PDB 'vc120.pdb' was not found with 'FantasyGUI.lib(IlmThreadPool.obj)' or at 'E:\Last Ver\Fantasy Project\bin\GLSL 120 Debug\vc120.pdb'; linking object as if no debug info
     1>FantasyGUI.lib(IlmThreadMutex.obj) : warning LNK4099: PDB 'vc120.pdb' was not found with 'FantasyGUI.lib(IlmThreadMutex.obj)' or at 'E:\Last Ver\Fantasy Project\bin\GLSL 120 Debug\vc120.pdb'; linking object as if no debug info
     1>FantasyGUI.lib(IlmThread.obj) : warning LNK4099: PDB 'vc120.pdb' was not found with 'FantasyGUI.lib(IlmThread.obj)' or at 'E:\Last Ver\Fantasy Project\bin\GLSL 120 Debug\vc120.pdb'; linking object as if no debug info
     1>FantasyGUI.lib(half.obj) : warning LNK4099: PDB 'vc120.pdb' was not found with 'FantasyGUI.lib(half.obj)' or at 'E:\Last Ver\Fantasy Project\bin\GLSL 120 Debug\vc120.pdb'; linking object as if no debug info
     1>FantasyGUI.lib(IexThrowErrnoExc.obj) : warning LNK4099: PDB 'vc120.pdb' was not found with 'FantasyGUI.lib(IexThrowErrnoExc.obj)' or at 'E:\Last Ver\Fantasy Project\bin\GLSL 120 Debug\vc120.pdb'; linking object as if no debug info
     1>FantasyGUI.lib(IexBaseExc.obj) : warning LNK4099: PDB 'vc120.pdb' was not found with 'FantasyGUI.lib(IexBaseExc.obj)' or at 'E:\Last Ver\Fantasy Project\bin\GLSL 120 Debug\vc120.pdb'; linking object as if no debug info
     1>FantasyGUI.lib(ImfZipCompressor.obj) : warning LNK4099: PDB 'vc120.pdb' was not found with 'FantasyGUI.lib(ImfZipCompressor.obj)' or at 'E:\Last Ver\Fantasy Project\bin\GLSL 120 Debug\vc120.pdb'; linking object as if no debug info
     1>FantasyGUI.lib(ImfZip.obj) : warning LNK4099: PDB 'vc120.pdb' was not found with 'FantasyGUI.lib(ImfZip.obj)' or at 'E:\Last Ver\Fantasy Project\bin\GLSL 120 Debug\vc120.pdb'; linking object as if no debug info
     1>FantasyGUI.lib(ImfWav.obj) : warning LNK4099: PDB 'vc120.pdb' was not found with 'FantasyGUI.lib(ImfWav.obj)' or at 'E:\Last Ver\Fantasy Project\bin\GLSL 120 Debug\vc120.pdb'; linking object as if no debug info
     1>FantasyGUI.lib(ImfVecAttribute.obj) : warning LNK4099: PDB 'vc120.pdb' was not found with 'FantasyGUI.lib(ImfVecAttribute.obj)' or at 'E:\Last Ver\Fantasy Project\bin\GLSL 120 Debug\vc120.pdb'; linking object as if no debug info
     1>FantasyGUI.lib(ImfTimeCodeAttribute.obj) : warning LNK4099: PDB 'vc120.pdb' was not found with 'FantasyGUI.lib(ImfTimeCodeAttribute.obj)' or at 'E:\Last Ver\Fantasy Project\bin\GLSL 120 Debug\vc120.pdb'; linking object as if no debug info
     1>FantasyGUI.lib(ImfTimeCode.obj) : warning LNK4099: PDB 'vc120.pdb' was not found with 'FantasyGUI.lib(ImfTimeCode.obj)' or at 'E:\Last Ver\Fantasy Project\bin\GLSL 120 Debug\vc120.pdb'; linking object as if no debug info
     1>FantasyGUI.lib(ImfTileOffsets.obj) : warning LNK4099: PDB 'vc120.pdb' was not found with 'FantasyGUI.lib(ImfTileOffsets.obj)' or at 'E:\Last Ver\Fantasy Project\bin\GLSL 120 Debug\vc120.pdb'; linking object as if no debug info
     1>FantasyGUI.lib(ImfTiledMisc.obj) : warning LNK4099: PDB 'vc120.pdb' was not found with 'FantasyGUI.lib(ImfTiledMisc.obj)' or at 'E:\Last Ver\Fantasy Project\bin\GLSL 120 Debug\vc120.pdb'; linking object as if no debug info
     1>FantasyGUI.lib(ImfTiledInputFile.obj) : warning LNK4099: PDB 'vc120.pdb' was not found with 'FantasyGUI.lib(ImfTiledInputFile.obj)' or at 'E:\Last Ver\Fantasy Project\bin\GLSL 120 Debug\vc120.pdb'; linking object as if no debug info
     1>FantasyGUI.lib(ImfTileDescriptionAttribute.obj) : warning LNK4099: PDB 'vc120.pdb' was not found with 'FantasyGUI.lib(ImfTileDescriptionAttribute.obj)' or at 'E:\Last Ver\Fantasy Project\bin\GLSL 120 Debug\vc120.pdb'; linking object as if no debug info
     1>FantasyGUI.lib(ImfThreading.obj) : warning LNK4099: PDB 'vc120.pdb' was not found with 'FantasyGUI.lib(ImfThreading.obj)' or at 'E:\Last Ver\Fantasy Project\bin\GLSL 120 Debug\vc120.pdb'; linking object as if no debug info
     1>FantasyGUI.lib(ImfSystemSpecific.obj) : warning LNK4099: PDB 'vc120.pdb' was not found with 'FantasyGUI.lib(ImfSystemSpecific.obj)' or at 'E:\Last Ver\Fantasy Project\bin\GLSL 120 Debug\vc120.pdb'; linking object as if no debug info
     1>FantasyGUI.lib(ImfStringVectorAttribute.obj) : warning LNK4099: PDB 'vc120.pdb' was not found with 'FantasyGUI.lib(ImfStringVectorAttribute.obj)' or at 'E:\Last Ver\Fantasy Project\bin\GLSL 120 Debug\vc120.pdb'; linking object as if no debug info
     1>FantasyGUI.lib(ImfStringAttribute.obj) : warning LNK4099: PDB 'vc120.pdb' was not found with 'FantasyGUI.lib(ImfStringAttribute.obj)' or at 'E:\Last Ver\Fantasy Project\bin\GLSL 120 Debug\vc120.pdb'; linking object as if no debug info
     1>FantasyGUI.lib(ImfStdIO.obj) : warning LNK4099: PDB 'vc120.pdb' was not found with 'FantasyGUI.lib(ImfStdIO.obj)' or at 'E:\Last Ver\Fantasy Project\bin\GLSL 120 Debug\vc120.pdb'; linking object as if no debug info
     1>FantasyGUI.lib(ImfStandardAttributes.obj) : warning LNK4099: PDB 'vc120.pdb' was not found with 'FantasyGUI.lib(ImfStandardAttributes.obj)' or at 'E:\Last Ver\Fantasy Project\bin\GLSL 120 Debug\vc120.pdb'; linking object as if no debug info
     1>FantasyGUI.lib(ImfScanLineInputFile.obj) : warning LNK4099: PDB 'vc120.pdb' was not found with 'FantasyGUI.lib(ImfScanLineInputFile.obj)' or at 'E:\Last Ver\Fantasy Project\bin\GLSL 120 Debug\vc120.pdb'; linking object as if no debug info
     1>FantasyGUI.lib(ImfRleCompressor.obj) : warning LNK4099: PDB 'vc120.pdb' was not found with 'FantasyGUI.lib(ImfRleCompressor.obj)' or at 'E:\Last Ver\Fantasy Project\bin\GLSL 120 Debug\vc120.pdb'; linking object as if no debug info
     1>FantasyGUI.lib(ImfRle.obj) : warning LNK4099: PDB 'vc120.pdb' was not found with 'FantasyGUI.lib(ImfRle.obj)' or at 'E:\Last Ver\Fantasy Project\bin\GLSL 120 Debug\vc120.pdb'; linking object as if no debug info
     1>FantasyGUI.lib(ImfRgbaYca.obj) : warning LNK4099: PDB 'vc120.pdb' was not found with 'FantasyGUI.lib(ImfRgbaYca.obj)' or at 'E:\Last Ver\Fantasy Project\bin\GLSL 120 Debug\vc120.pdb'; linking object as if no debug info
     1>FantasyGUI.lib(ImfRgbaFile.obj) : warning LNK4099: PDB 'vc120.pdb' was not found with 'FantasyGUI.lib(ImfRgbaFile.obj)' or at 'E:\Last Ver\Fantasy Project\bin\GLSL 120 Debug\vc120.pdb'; linking object as if no debug info
     1>FantasyGUI.lib(ImfRationalAttribute.obj) : warning LNK4099: PDB 'vc120.pdb' was not found with 'FantasyGUI.lib(ImfRationalAttribute.obj)' or at 'E:\Last Ver\Fantasy Project\bin\GLSL 120 Debug\vc120.pdb'; linking object as if no debug info
     1>FantasyGUI.lib(ImfPxr24Compressor.obj) : warning LNK4099: PDB 'vc120.pdb' was not found with 'FantasyGUI.lib(ImfPxr24Compressor.obj)' or at 'E:\Last Ver\Fantasy Project\bin\GLSL 120 Debug\vc120.pdb'; linking object as if no debug info
     1>FantasyGUI.lib(ImfPreviewImageAttribute.obj) : warning LNK4099: PDB 'vc120.pdb' was not found with 'FantasyGUI.lib(ImfPreviewImageAttribute.obj)' or at 'E:\Last Ver\Fantasy Project\bin\GLSL 120 Debug\vc120.pdb'; linking object as if no debug info
     1>FantasyGUI.lib(ImfPreviewImage.obj) : warning LNK4099: PDB 'vc120.pdb' was not found with 'FantasyGUI.lib(ImfPreviewImage.obj)' or at 'E:\Last Ver\Fantasy Project\bin\GLSL 120 Debug\vc120.pdb'; linking object as if no debug info
     1>FantasyGUI.lib(ImfPizCompressor.obj) : warning LNK4099: PDB 'vc120.pdb' was not found with 'FantasyGUI.lib(ImfPizCompressor.obj)' or at 'E:\Last Ver\Fantasy Project\bin\GLSL 120 Debug\vc120.pdb'; linking object as if no debug info
     1>FantasyGUI.lib(ImfPartType.obj) : warning LNK4099: PDB 'vc120.pdb' was not found with 'FantasyGUI.lib(ImfPartType.obj)' or at 'E:\Last Ver\Fantasy Project\bin\GLSL 120 Debug\vc120.pdb'; linking object as if no debug info
     1>FantasyGUI.lib(ImfOutputFile.obj) : warning LNK4099: PDB 'vc120.pdb' was not found with 'FantasyGUI.lib(ImfOutputFile.obj)' or at 'E:\Last Ver\Fantasy Project\bin\GLSL 120 Debug\vc120.pdb'; linking object as if no debug info
     1>FantasyGUI.lib(ImfOpaqueAttribute.obj) : warning LNK4099: PDB 'vc120.pdb' was not found with 'FantasyGUI.lib(ImfOpaqueAttribute.obj)' or at 'E:\Last Ver\Fantasy Project\bin\GLSL 120 Debug\vc120.pdb'; linking object as if no debug info
     1>FantasyGUI.lib(ImfMultiPartInputFile.obj) : warning LNK4099: PDB 'vc120.pdb' was not found with 'FantasyGUI.lib(ImfMultiPartInputFile.obj)' or at 'E:\Last Ver\Fantasy Project\bin\GLSL 120 Debug\vc120.pdb'; linking object as if no debug info
     1>FantasyGUI.lib(ImfMisc.obj) : warning LNK4099: PDB 'vc120.pdb' was not found with 'FantasyGUI.lib(ImfMisc.obj)' or at 'E:\Last Ver\Fantasy Project\bin\GLSL 120 Debug\vc120.pdb'; linking object as if no debug info
     1>FantasyGUI.lib(ImfMatrixAttribute.obj) : warning LNK4099: PDB 'vc120.pdb' was not found with 'FantasyGUI.lib(ImfMatrixAttribute.obj)' or at 'E:\Last Ver\Fantasy Project\bin\GLSL 120 Debug\vc120.pdb'; linking object as if no debug info
     1>FantasyGUI.lib(ImfLineOrderAttribute.obj) : warning LNK4099: PDB 'vc120.pdb' was not found with 'FantasyGUI.lib(ImfLineOrderAttribute.obj)' or at 'E:\Last Ver\Fantasy Project\bin\GLSL 120 Debug\vc120.pdb'; linking object as if no debug info
     1>FantasyGUI.lib(ImfKeyCodeAttribute.obj) : warning LNK4099: PDB 'vc120.pdb' was not found with 'FantasyGUI.lib(ImfKeyCodeAttribute.obj)' or at 'E:\Last Ver\Fantasy Project\bin\GLSL 120 Debug\vc120.pdb'; linking object as if no debug info
     1>FantasyGUI.lib(ImfKeyCode.obj) : warning LNK4099: PDB 'vc120.pdb' was not found with 'FantasyGUI.lib(ImfKeyCode.obj)' or at 'E:\Last Ver\Fantasy Project\bin\GLSL 120 Debug\vc120.pdb'; linking object as if no debug info
     1>FantasyGUI.lib(ImfIO.obj) : warning LNK4099: PDB 'vc120.pdb' was not found with 'FantasyGUI.lib(ImfIO.obj)' or at 'E:\Last Ver\Fantasy Project\bin\GLSL 120 Debug\vc120.pdb'; linking object as if no debug info
     1>FantasyGUI.lib(ImfIntAttribute.obj) : warning LNK4099: PDB 'vc120.pdb' was not found with 'FantasyGUI.lib(ImfIntAttribute.obj)' or at 'E:\Last Ver\Fantasy Project\bin\GLSL 120 Debug\vc120.pdb'; linking object as if no debug info
     1>FantasyGUI.lib(ImfInputPartData.obj) : warning LNK4099: PDB 'vc120.pdb' was not found with 'FantasyGUI.lib(ImfInputPartData.obj)' or at 'E:\Last Ver\Fantasy Project\bin\GLSL 120 Debug\vc120.pdb'; linking object as if no debug info
     1>FantasyGUI.lib(ImfInputFile.obj) : warning LNK4099: PDB 'vc120.pdb' was not found with 'FantasyGUI.lib(ImfInputFile.obj)' or at 'E:\Last Ver\Fantasy Project\bin\GLSL 120 Debug\vc120.pdb'; linking object as if no debug info
     1>FantasyGUI.lib(ImfHuf.obj) : warning LNK4099: PDB 'vc120.pdb' was not found with 'FantasyGUI.lib(ImfHuf.obj)' or at 'E:\Last Ver\Fantasy Project\bin\GLSL 120 Debug\vc120.pdb'; linking object as if no debug info
     1>FantasyGUI.lib(ImfHeader.obj) : warning LNK4099: PDB 'vc120.pdb' was not found with 'FantasyGUI.lib(ImfHeader.obj)' or at 'E:\Last Ver\Fantasy Project\bin\GLSL 120 Debug\vc120.pdb'; linking object as if no debug info
     1>FantasyGUI.lib(ImfGenericOutputFile.obj) : warning LNK4099: PDB 'vc120.pdb' was not found with 'FantasyGUI.lib(ImfGenericOutputFile.obj)' or at 'E:\Last Ver\Fantasy Project\bin\GLSL 120 Debug\vc120.pdb'; linking object as if no debug info
     1>FantasyGUI.lib(ImfGenericInputFile.obj) : warning LNK4099: PDB 'vc120.pdb' was not found with 'FantasyGUI.lib(ImfGenericInputFile.obj)' or at 'E:\Last Ver\Fantasy Project\bin\GLSL 120 Debug\vc120.pdb'; linking object as if no debug info
     1>FantasyGUI.lib(ImfFrameBuffer.obj) : warning LNK4099: PDB 'vc120.pdb' was not found with 'FantasyGUI.lib(ImfFrameBuffer.obj)' or at 'E:\Last Ver\Fantasy Project\bin\GLSL 120 Debug\vc120.pdb'; linking object as if no debug info
     1>FantasyGUI.lib(ImfFloatVectorAttribute.obj) : warning LNK4099: PDB 'vc120.pdb' was not found with 'FantasyGUI.lib(ImfFloatVectorAttribute.obj)' or at 'E:\Last Ver\Fantasy Project\bin\GLSL 120 Debug\vc120.pdb'; linking object as if no debug info
     1>FantasyGUI.lib(ImfFloatAttribute.obj) : warning LNK4099: PDB 'vc120.pdb' was not found with 'FantasyGUI.lib(ImfFloatAttribute.obj)' or at 'E:\Last Ver\Fantasy Project\bin\GLSL 120 Debug\vc120.pdb'; linking object as if no debug info
     1>FantasyGUI.lib(ImfFastHuf.obj) : warning LNK4099: PDB 'vc120.pdb' was not found with 'FantasyGUI.lib(ImfFastHuf.obj)' or at 'E:\Last Ver\Fantasy Project\bin\GLSL 120 Debug\vc120.pdb'; linking object as if no debug info
     1>FantasyGUI.lib(ImfEnvmapAttribute.obj) : warning LNK4099: PDB 'vc120.pdb' was not found with 'FantasyGUI.lib(ImfEnvmapAttribute.obj)' or at 'E:\Last Ver\Fantasy Project\bin\GLSL 120 Debug\vc120.pdb'; linking object as if no debug info
     1>FantasyGUI.lib(ImfDwaCompressor.obj) : warning LNK4099: PDB 'vc120.pdb' was not found with 'FantasyGUI.lib(ImfDwaCompressor.obj)' or at 'E:\Last Ver\Fantasy Project\bin\GLSL 120 Debug\vc120.pdb'; linking object as if no debug info
     1>FantasyGUI.lib(ImfDoubleAttribute.obj) : warning LNK4099: PDB 'vc120.pdb' was not found with 'FantasyGUI.lib(ImfDoubleAttribute.obj)' or at 'E:\Last Ver\Fantasy Project\bin\GLSL 120 Debug\vc120.pdb'; linking object as if no debug info
     1>FantasyGUI.lib(ImfDeepTiledInputFile.obj) : warning LNK4099: PDB 'vc120.pdb' was not found with 'FantasyGUI.lib(ImfDeepTiledInputFile.obj)' or at 'E:\Last Ver\Fantasy Project\bin\GLSL 120 Debug\vc120.pdb'; linking object as if no debug info
     1>FantasyGUI.lib(ImfDeepScanLineInputPart.obj) : warning LNK4099: PDB 'vc120.pdb' was not found with 'FantasyGUI.lib(ImfDeepScanLineInputPart.obj)' or at 'E:\Last Ver\Fantasy Project\bin\GLSL 120 Debug\vc120.pdb'; linking object as if no debug info
     1>FantasyGUI.lib(ImfDeepScanLineInputFile.obj) : warning LNK4099: PDB 'vc120.pdb' was not found with 'FantasyGUI.lib(ImfDeepScanLineInputFile.obj)' or at 'E:\Last Ver\Fantasy Project\bin\GLSL 120 Debug\vc120.pdb'; linking object as if no debug info
     1>FantasyGUI.lib(ImfDeepImageStateAttribute.obj) : warning LNK4099: PDB 'vc120.pdb' was not found with 'FantasyGUI.lib(ImfDeepImageStateAttribute.obj)' or at 'E:\Last Ver\Fantasy Project\bin\GLSL 120 Debug\vc120.pdb'; linking object as if no debug info
     1>FantasyGUI.lib(ImfDeepFrameBuffer.obj) : warning LNK4099: PDB 'vc120.pdb' was not found with 'FantasyGUI.lib(ImfDeepFrameBuffer.obj)' or at 'E:\Last Ver\Fantasy Project\bin\GLSL 120 Debug\vc120.pdb'; linking object as if no debug info
     1>FantasyGUI.lib(ImfDeepCompositing.obj) : warning LNK4099: PDB 'vc120.pdb' was not found with 'FantasyGUI.lib(ImfDeepCompositing.obj)' or at 'E:\Last Ver\Fantasy Project\bin\GLSL 120 Debug\vc120.pdb'; linking object as if no debug info
     1>FantasyGUI.lib(ImfConvert.obj) : warning LNK4099: PDB 'vc120.pdb' was not found with 'FantasyGUI.lib(ImfConvert.obj)' or at 'E:\Last Ver\Fantasy Project\bin\GLSL 120 Debug\vc120.pdb'; linking object as if no debug info
     1>FantasyGUI.lib(ImfCompressor.obj) : warning LNK4099: PDB 'vc120.pdb' was not found with 'FantasyGUI.lib(ImfCompressor.obj)' or at 'E:\Last Ver\Fantasy Project\bin\GLSL 120 Debug\vc120.pdb'; linking object as if no debug info
     1>FantasyGUI.lib(ImfCompressionAttribute.obj) : warning LNK4099: PDB 'vc120.pdb' was not found with 'FantasyGUI.lib(ImfCompressionAttribute.obj)' or at 'E:\Last Ver\Fantasy Project\bin\GLSL 120 Debug\vc120.pdb'; linking object as if no debug info
     1>FantasyGUI.lib(ImfCompositeDeepScanLine.obj) : warning LNK4099: PDB 'vc120.pdb' was not found with 'FantasyGUI.lib(ImfCompositeDeepScanLine.obj)' or at 'E:\Last Ver\Fantasy Project\bin\GLSL 120 Debug\vc120.pdb'; linking object as if no debug info
     1>FantasyGUI.lib(ImfChromaticitiesAttribute.obj) : warning LNK4099: PDB 'vc120.pdb' was not found with 'FantasyGUI.lib(ImfChromaticitiesAttribute.obj)' or at 'E:\Last Ver\Fantasy Project\bin\GLSL 120 Debug\vc120.pdb'; linking object as if no debug info
     1>FantasyGUI.lib(ImfChromaticities.obj) : warning LNK4099: PDB 'vc120.pdb' was not found with 'FantasyGUI.lib(ImfChromaticities.obj)' or at 'E:\Last Ver\Fantasy Project\bin\GLSL 120 Debug\vc120.pdb'; linking object as if no debug info
     1>FantasyGUI.lib(ImfChannelListAttribute.obj) : warning LNK4099: PDB 'vc120.pdb' was not found with 'FantasyGUI.lib(ImfChannelListAttribute.obj)' or at 'E:\Last Ver\Fantasy Project\bin\GLSL 120 Debug\vc120.pdb'; linking object as if no debug info
     1>FantasyGUI.lib(ImfChannelList.obj) : warning LNK4099: PDB 'vc120.pdb' was not found with 'FantasyGUI.lib(ImfChannelList.obj)' or at 'E:\Last Ver\Fantasy Project\bin\GLSL 120 Debug\vc120.pdb'; linking object as if no debug info
     1>FantasyGUI.lib(ImfBoxAttribute.obj) : warning LNK4099: PDB 'vc120.pdb' was not found with 'FantasyGUI.lib(ImfBoxAttribute.obj)' or at 'E:\Last Ver\Fantasy Project\bin\GLSL 120 Debug\vc120.pdb'; linking object as if no debug info
     1>FantasyGUI.lib(ImfB44Compressor.obj) : warning LNK4099: PDB 'vc120.pdb' was not found with 'FantasyGUI.lib(ImfB44Compressor.obj)' or at 'E:\Last Ver\Fantasy Project\bin\GLSL 120 Debug\vc120.pdb'; linking object as if no debug info
     1>FantasyGUI.lib(ImfAttribute.obj) : warning LNK4099: PDB 'vc120.pdb' was not found with 'FantasyGUI.lib(ImfAttribute.obj)' or at 'E:\Last Ver\Fantasy Project\bin\GLSL 120 Debug\vc120.pdb'; linking object as if no debug info
     1>FantasyGUI.lib(utils.utils.obj) : warning LNK4099: PDB 'vc120.pdb' was not found with 'FantasyGUI.lib(utils.utils.obj)' or at 'E:\Last Ver\Fantasy Project\bin\GLSL 120 Debug\vc120.pdb'; linking object as if no debug info
     1>FantasyGUI.lib(utils.thread.obj) : warning LNK4099: PDB 'vc120.pdb' was not found with 'FantasyGUI.lib(utils.thread.obj)' or at 'E:\Last Ver\Fantasy Project\bin\GLSL 120 Debug\vc120.pdb'; linking object as if no debug info
     1>FantasyGUI.lib(utils.rescaler.obj) : warning LNK4099: PDB 'vc120.pdb' was not found with 'FantasyGUI.lib(utils.rescaler.obj)' or at 'E:\Last Ver\Fantasy Project\bin\GLSL 120 Debug\vc120.pdb'; linking object as if no debug info
     1>FantasyGUI.lib(utils.random.obj) : warning LNK4099: PDB 'vc120.pdb' was not found with 'FantasyGUI.lib(utils.random.obj)' or at 'E:\Last Ver\Fantasy Project\bin\GLSL 120 Debug\vc120.pdb'; linking object as if no debug info
     1>FantasyGUI.lib(utils.quant_levels_dec.obj) : warning LNK4099: PDB 'vc120.pdb' was not found with 'FantasyGUI.lib(utils.quant_levels_dec.obj)' or at 'E:\Last Ver\Fantasy Project\bin\GLSL 120 Debug\vc120.pdb'; linking object as if no debug info
     1>FantasyGUI.lib(utils.quant_levels.obj) : warning LNK4099: PDB 'vc120.pdb' was not found with 'FantasyGUI.lib(utils.quant_levels.obj)' or at 'E:\Last Ver\Fantasy Project\bin\GLSL 120 Debug\vc120.pdb'; linking object as if no debug info
     1>FantasyGUI.lib(utils.huffman_encode.obj) : warning LNK4099: PDB 'vc120.pdb' was not found with 'FantasyGUI.lib(utils.huffman_encode.obj)' or at 'E:\Last Ver\Fantasy Project\bin\GLSL 120 Debug\vc120.pdb'; linking object as if no debug info
     1>FantasyGUI.lib(utils.huffman.obj) : warning LNK4099: PDB 'vc120.pdb' was not found with 'FantasyGUI.lib(utils.huffman.obj)' or at 'E:\Last Ver\Fantasy Project\bin\GLSL 120 Debug\vc120.pdb'; linking object as if no debug info
     1>FantasyGUI.lib(utils.filters.obj) : warning LNK4099: PDB 'vc120.pdb' was not found with 'FantasyGUI.lib(utils.filters.obj)' or at 'E:\Last Ver\Fantasy Project\bin\GLSL 120 Debug\vc120.pdb'; linking object as if no debug info
     1>FantasyGUI.lib(utils.color_cache.obj) : warning LNK4099: PDB 'vc120.pdb' was not found with 'FantasyGUI.lib(utils.color_cache.obj)' or at 'E:\Last Ver\Fantasy Project\bin\GLSL 120 Debug\vc120.pdb'; linking object as if no debug info
     1>FantasyGUI.lib(utils.bit_writer.obj) : warning LNK4099: PDB 'vc120.pdb' was not found with 'FantasyGUI.lib(utils.bit_writer.obj)' or at 'E:\Last Ver\Fantasy Project\bin\GLSL 120 Debug\vc120.pdb'; linking object as if no debug info
     1>FantasyGUI.lib(utils.bit_reader.obj) : warning LNK4099: PDB 'vc120.pdb' was not found with 'FantasyGUI.lib(utils.bit_reader.obj)' or at 'E:\Last Ver\Fantasy Project\bin\GLSL 120 Debug\vc120.pdb'; linking object as if no debug info
     1>FantasyGUI.lib(mux.muxread.obj) : warning LNK4099: PDB 'vc120.pdb' was not found with 'FantasyGUI.lib(mux.muxread.obj)' or at 'E:\Last Ver\Fantasy Project\bin\GLSL 120 Debug\vc120.pdb'; linking object as if no debug info
     1>FantasyGUI.lib(mux.muxinternal.obj) : warning LNK4099: PDB 'vc120.pdb' was not found with 'FantasyGUI.lib(mux.muxinternal.obj)' or at 'E:\Last Ver\Fantasy Project\bin\GLSL 120 Debug\vc120.pdb'; linking object as if no debug info
     1>FantasyGUI.lib(mux.muxedit.obj) : warning LNK4099: PDB 'vc120.pdb' was not found with 'FantasyGUI.lib(mux.muxedit.obj)' or at 'E:\Last Ver\Fantasy Project\bin\GLSL 120 Debug\vc120.pdb'; linking object as if no debug info
     1>FantasyGUI.lib(enc.webpenc.obj) : warning LNK4099: PDB 'vc120.pdb' was not found with 'FantasyGUI.lib(enc.webpenc.obj)' or at 'E:\Last Ver\Fantasy Project\bin\GLSL 120 Debug\vc120.pdb'; linking object as if no debug info
     1>FantasyGUI.lib(enc.vp8l.obj) : warning LNK4099: PDB 'vc120.pdb' was not found with 'FantasyGUI.lib(enc.vp8l.obj)' or at 'E:\Last Ver\Fantasy Project\bin\GLSL 120 Debug\vc120.pdb'; linking object as if no debug info
     1>FantasyGUI.lib(enc.tree.obj) : warning LNK4099: PDB 'vc120.pdb' was not found with 'FantasyGUI.lib(enc.tree.obj)' or at 'E:\Last Ver\Fantasy Project\bin\GLSL 120 Debug\vc120.pdb'; linking object as if no debug info
     1>FantasyGUI.lib(enc.token.obj) : warning LNK4099: PDB 'vc120.pdb' was not found with 'FantasyGUI.lib(enc.token.obj)' or at 'E:\Last Ver\Fantasy Project\bin\GLSL 120 Debug\vc120.pdb'; linking object as if no debug info
     1>FantasyGUI.lib(enc.syntax.obj) : warning LNK4099: PDB 'vc120.pdb' was not found with 'FantasyGUI.lib(enc.syntax.obj)' or at 'E:\Last Ver\Fantasy Project\bin\GLSL 120 Debug\vc120.pdb'; linking object as if no debug info
     1>FantasyGUI.lib(enc.quant.obj) : warning LNK4099: PDB 'vc120.pdb' was not found with 'FantasyGUI.lib(enc.quant.obj)' or at 'E:\Last Ver\Fantasy Project\bin\GLSL 120 Debug\vc120.pdb'; linking object as if no debug info
     1>FantasyGUI.lib(enc.picture_csp.obj) : warning LNK4099: PDB 'vc120.pdb' was not found with 'FantasyGUI.lib(enc.picture_csp.obj)' or at 'E:\Last Ver\Fantasy Project\bin\GLSL 120 Debug\vc120.pdb'; linking object as if no debug info
     1>FantasyGUI.lib(enc.picture.obj) : warning LNK4099: PDB 'vc120.pdb' was not found with 'FantasyGUI.lib(enc.picture.obj)' or at 'E:\Last Ver\Fantasy Project\bin\GLSL 120 Debug\vc120.pdb'; linking object as if no debug info
     1>FantasyGUI.lib(enc.near_lossless.obj) : warning LNK4099: PDB 'vc120.pdb' was not found with 'FantasyGUI.lib(enc.near_lossless.obj)' or at 'E:\Last Ver\Fantasy Project\bin\GLSL 120 Debug\vc120.pdb'; linking object as if no debug info
     1>FantasyGUI.lib(enc.iterator.obj) : warning LNK4099: PDB 'vc120.pdb' was not found with 'FantasyGUI.lib(enc.iterator.obj)' or at 'E:\Last Ver\Fantasy Project\bin\GLSL 120 Debug\vc120.pdb'; linking object as if no debug info
     1>FantasyGUI.lib(enc.histogram.obj) : warning LNK4099: PDB 'vc120.pdb' was not found with 'FantasyGUI.lib(enc.histogram.obj)' or at 'E:\Last Ver\Fantasy Project\bin\GLSL 120 Debug\vc120.pdb'; linking object as if no debug info
     1>FantasyGUI.lib(enc.frame.obj) : warning LNK4099: PDB 'vc120.pdb' was not found with 'FantasyGUI.lib(enc.frame.obj)' or at 'E:\Last Ver\Fantasy Project\bin\GLSL 120 Debug\vc120.pdb'; linking object as if no debug info
     1>FantasyGUI.lib(enc.filter.obj) : warning LNK4099: PDB 'vc120.pdb' was not found with 'FantasyGUI.lib(enc.filter.obj)' or at 'E:\Last Ver\Fantasy Project\bin\GLSL 120 Debug\vc120.pdb'; linking object as if no debug info
     1>FantasyGUI.lib(enc.cost.obj) : warning LNK4099: PDB 'vc120.pdb' was not found with 'FantasyGUI.lib(enc.cost.obj)' or at 'E:\Last Ver\Fantasy Project\bin\GLSL 120 Debug\vc120.pdb'; linking object as if no debug info
     1>FantasyGUI.lib(enc.config.obj) : warning LNK4099: PDB 'vc120.pdb' was not found with 'FantasyGUI.lib(enc.config.obj)' or at 'E:\Last Ver\Fantasy Project\bin\GLSL 120 Debug\vc120.pdb'; linking object as if no debug info
     1>FantasyGUI.lib(enc.backward_references.obj) : warning LNK4099: PDB 'vc120.pdb' was not found with 'FantasyGUI.lib(enc.backward_references.obj)' or at 'E:\Last Ver\Fantasy Project\bin\GLSL 120 Debug\vc120.pdb'; linking object as if no debug info
     1>FantasyGUI.lib(enc.analysis.obj) : warning LNK4099: PDB 'vc120.pdb' was not found with 'FantasyGUI.lib(enc.analysis.obj)' or at 'E:\Last Ver\Fantasy Project\bin\GLSL 120 Debug\vc120.pdb'; linking object as if no debug info
     1>FantasyGUI.lib(enc.alpha.obj) : warning LNK4099: PDB 'vc120.pdb' was not found with 'FantasyGUI.lib(enc.alpha.obj)' or at 'E:\Last Ver\Fantasy Project\bin\GLSL 120 Debug\vc120.pdb'; linking object as if no debug info
     1>FantasyGUI.lib(dsp.yuv_sse2.obj) : warning LNK4099: PDB 'vc120.pdb' was not found with 'FantasyGUI.lib(dsp.yuv_sse2.obj)' or at 'E:\Last Ver\Fantasy Project\bin\GLSL 120 Debug\vc120.pdb'; linking object as if no debug info
     1>FantasyGUI.lib(dsp.yuv.obj) : warning LNK4099: PDB 'vc120.pdb' was not found with 'FantasyGUI.lib(dsp.yuv.obj)' or at 'E:\Last Ver\Fantasy Project\bin\GLSL 120 Debug\vc120.pdb'; linking object as if no debug info
     1>FantasyGUI.lib(dsp.upsampling_sse2.obj) : warning LNK4099: PDB 'vc120.pdb' was not found with 'FantasyGUI.lib(dsp.upsampling_sse2.obj)' or at 'E:\Last Ver\Fantasy Project\bin\GLSL 120 Debug\vc120.pdb'; linking object as if no debug info
     1>FantasyGUI.lib(dsp.upsampling.obj) : warning LNK4099: PDB 'vc120.pdb' was not found with 'FantasyGUI.lib(dsp.upsampling.obj)' or at 'E:\Last Ver\Fantasy Project\bin\GLSL 120 Debug\vc120.pdb'; linking object as if no debug info
     1>FantasyGUI.lib(dsp.rescaler.obj) : warning LNK4099: PDB 'vc120.pdb' was not found with 'FantasyGUI.lib(dsp.rescaler.obj)' or at 'E:\Last Ver\Fantasy Project\bin\GLSL 120 Debug\vc120.pdb'; linking object as if no debug info
     1>FantasyGUI.lib(dsp.lossless_sse2.obj) : warning LNK4099: PDB 'vc120.pdb' was not found with 'FantasyGUI.lib(dsp.lossless_sse2.obj)' or at 'E:\Last Ver\Fantasy Project\bin\GLSL 120 Debug\vc120.pdb'; linking object as if no debug info
     1>FantasyGUI.lib(dsp.lossless.obj) : warning LNK4099: PDB 'vc120.pdb' was not found with 'FantasyGUI.lib(dsp.lossless.obj)' or at 'E:\Last Ver\Fantasy Project\bin\GLSL 120 Debug\vc120.pdb'; linking object as if no debug info
     1>FantasyGUI.lib(dsp.filters_sse2.obj) : warning LNK4099: PDB 'vc120.pdb' was not found with 'FantasyGUI.lib(dsp.filters_sse2.obj)' or at 'E:\Last Ver\Fantasy Project\bin\GLSL 120 Debug\vc120.pdb'; linking object as if no debug info
     1>FantasyGUI.lib(dsp.filters.obj) : warning LNK4099: PDB 'vc120.pdb' was not found with 'FantasyGUI.lib(dsp.filters.obj)' or at 'E:\Last Ver\Fantasy Project\bin\GLSL 120 Debug\vc120.pdb'; linking object as if no debug info
     1>FantasyGUI.lib(dsp.enc_sse2.obj) : warning LNK4099: PDB 'vc120.pdb' was not found with 'FantasyGUI.lib(dsp.enc_sse2.obj)' or at 'E:\Last Ver\Fantasy Project\bin\GLSL 120 Debug\vc120.pdb'; linking object as if no debug info
     1>FantasyGUI.lib(dsp.enc.obj) : warning LNK4099: PDB 'vc120.pdb' was not found with 'FantasyGUI.lib(dsp.enc.obj)' or at 'E:\Last Ver\Fantasy Project\bin\GLSL 120 Debug\vc120.pdb'; linking object as if no debug info
     1>FantasyGUI.lib(dsp.dec_sse2.obj) : warning LNK4099: PDB 'vc120.pdb' was not found with 'FantasyGUI.lib(dsp.dec_sse2.obj)' or at 'E:\Last Ver\Fantasy Project\bin\GLSL 120 Debug\vc120.pdb'; linking object as if no debug info
     1>FantasyGUI.lib(dsp.dec_clip_tables.obj) : warning LNK4099: PDB 'vc120.pdb' was not found with 'FantasyGUI.lib(dsp.dec_clip_tables.obj)' or at 'E:\Last Ver\Fantasy Project\bin\GLSL 120 Debug\vc120.pdb'; linking object as if no debug info
     1>FantasyGUI.lib(dsp.dec.obj) : warning LNK4099: PDB 'vc120.pdb' was not found with 'FantasyGUI.lib(dsp.dec.obj)' or at 'E:\Last Ver\Fantasy Project\bin\GLSL 120 Debug\vc120.pdb'; linking object as if no debug info
     1>FantasyGUI.lib(dsp.cpu.obj) : warning LNK4099: PDB 'vc120.pdb' was not found with 'FantasyGUI.lib(dsp.cpu.obj)' or at 'E:\Last Ver\Fantasy Project\bin\GLSL 120 Debug\vc120.pdb'; linking object as if no debug info
     1>FantasyGUI.lib(dsp.cost_sse2.obj) : warning LNK4099: PDB 'vc120.pdb' was not found with 'FantasyGUI.lib(dsp.cost_sse2.obj)' or at 'E:\Last Ver\Fantasy Project\bin\GLSL 120 Debug\vc120.pdb'; linking object as if no debug info
     1>FantasyGUI.lib(dsp.cost.obj) : warning LNK4099: PDB 'vc120.pdb' was not found with 'FantasyGUI.lib(dsp.cost.obj)' or at 'E:\Last Ver\Fantasy Project\bin\GLSL 120 Debug\vc120.pdb'; linking object as if no debug info
     1>FantasyGUI.lib(dsp.argb_sse2.obj) : warning LNK4099: PDB 'vc120.pdb' was not found with 'FantasyGUI.lib(dsp.argb_sse2.obj)' or at 'E:\Last Ver\Fantasy Project\bin\GLSL 120 Debug\vc120.pdb'; linking object as if no debug info
     1>FantasyGUI.lib(dsp.argb.obj) : warning LNK4099: PDB 'vc120.pdb' was not found with 'FantasyGUI.lib(dsp.argb.obj)' or at 'E:\Last Ver\Fantasy Project\bin\GLSL 120 Debug\vc120.pdb'; linking object as if no debug info
     1>FantasyGUI.lib(dsp.alpha_processing_sse2.obj) : warning LNK4099: PDB 'vc120.pdb' was not found with 'FantasyGUI.lib(dsp.alpha_processing_sse2.obj)' or at 'E:\Last Ver\Fantasy Project\bin\GLSL 120 Debug\vc120.pdb'; linking object as if no debug info
     1>FantasyGUI.lib(dsp.alpha_processing.obj) : warning LNK4099: PDB 'vc120.pdb' was not found with 'FantasyGUI.lib(dsp.alpha_processing.obj)' or at 'E:\Last Ver\Fantasy Project\bin\GLSL 120 Debug\vc120.pdb'; linking object as if no debug info
     1>FantasyGUI.lib(dec.webp.obj) : warning LNK4099: PDB 'vc120.pdb' was not found with 'FantasyGUI.lib(dec.webp.obj)' or at 'E:\Last Ver\Fantasy Project\bin\GLSL 120 Debug\vc120.pdb'; linking object as if no debug info
     1>FantasyGUI.lib(dec.vp8l.obj) : warning LNK4099: PDB 'vc120.pdb' was not found with 'FantasyGUI.lib(dec.vp8l.obj)' or at 'E:\Last Ver\Fantasy Project\bin\GLSL 120 Debug\vc120.pdb'; linking object as if no debug info
     1>FantasyGUI.lib(dec.vp8.obj) : warning LNK4099: PDB 'vc120.pdb' was not found with 'FantasyGUI.lib(dec.vp8.obj)' or at 'E:\Last Ver\Fantasy Project\bin\GLSL 120 Debug\vc120.pdb'; linking object as if no debug info
     1>FantasyGUI.lib(dec.tree.obj) : warning LNK4099: PDB 'vc120.pdb' was not found with 'FantasyGUI.lib(dec.tree.obj)' or at 'E:\Last Ver\Fantasy Project\bin\GLSL 120 Debug\vc120.pdb'; linking object as if no debug info
     1>FantasyGUI.lib(dec.quant.obj) : warning LNK4099: PDB 'vc120.pdb' was not found with 'FantasyGUI.lib(dec.quant.obj)' or at 'E:\Last Ver\Fantasy Project\bin\GLSL 120 Debug\vc120.pdb'; linking object as if no debug info
     1>FantasyGUI.lib(dec.io.obj) : warning LNK4099: PDB 'vc120.pdb' was not found with 'FantasyGUI.lib(dec.io.obj)' or at 'E:\Last Ver\Fantasy Project\bin\GLSL 120 Debug\vc120.pdb'; linking object as if no debug info
     1>FantasyGUI.lib(dec.frame.obj) : warning LNK4099: PDB 'vc120.pdb' was not found with 'FantasyGUI.lib(dec.frame.obj)' or at 'E:\Last Ver\Fantasy Project\bin\GLSL 120 Debug\vc120.pdb'; linking object as if no debug info
     1>FantasyGUI.lib(dec.buffer.obj) : warning LNK4099: PDB 'vc120.pdb' was not found with 'FantasyGUI.lib(dec.buffer.obj)' or at 'E:\Last Ver\Fantasy Project\bin\GLSL 120 Debug\vc120.pdb'; linking object as if no debug info
     1>FantasyGUI.lib(dec.alpha.obj) : warning LNK4099: PDB 'vc120.pdb' was not found with 'FantasyGUI.lib(dec.alpha.obj)' or at 'E:\Last Ver\Fantasy Project\bin\GLSL 120 Debug\vc120.pdb'; linking object as if no debug info
     1>FantasyGUI.lib(tif_zip.obj) : warning LNK4099: PDB 'vc120.pdb' was not found with 'FantasyGUI.lib(tif_zip.obj)' or at 'E:\Last Ver\Fantasy Project\bin\GLSL 120 Debug\vc120.pdb'; linking object as if no debug info
     1>FantasyGUI.lib(tif_write.obj) : warning LNK4099: PDB 'vc120.pdb' was not found with 'FantasyGUI.lib(tif_write.obj)' or at 'E:\Last Ver\Fantasy Project\bin\GLSL 120 Debug\vc120.pdb'; linking object as if no debug info
     1>FantasyGUI.lib(tif_warning.obj) : warning LNK4099: PDB 'vc120.pdb' was not found with 'FantasyGUI.lib(tif_warning.obj)' or at 'E:\Last Ver\Fantasy Project\bin\GLSL 120 Debug\vc120.pdb'; linking object as if no debug info
     1>FantasyGUI.lib(tif_tile.obj) : warning LNK4099: PDB 'vc120.pdb' was not found with 'FantasyGUI.lib(tif_tile.obj)' or at 'E:\Last Ver\Fantasy Project\bin\GLSL 120 Debug\vc120.pdb'; linking object as if no debug info
     1>FantasyGUI.lib(tif_thunder.obj) : warning LNK4099: PDB 'vc120.pdb' was not found with 'FantasyGUI.lib(tif_thunder.obj)' or at 'E:\Last Ver\Fantasy Project\bin\GLSL 120 Debug\vc120.pdb'; linking object as if no debug info
     1>FantasyGUI.lib(tif_swab.obj) : warning LNK4099: PDB 'vc120.pdb' was not found with 'FantasyGUI.lib(tif_swab.obj)' or at 'E:\Last Ver\Fantasy Project\bin\GLSL 120 Debug\vc120.pdb'; linking object as if no debug info
     1>FantasyGUI.lib(tif_strip.obj) : warning LNK4099: PDB 'vc120.pdb' was not found with 'FantasyGUI.lib(tif_strip.obj)' or at 'E:\Last Ver\Fantasy Project\bin\GLSL 120 Debug\vc120.pdb'; linking object as if no debug info
     1>FantasyGUI.lib(tif_read.obj) : warning LNK4099: PDB 'vc120.pdb' was not found with 'FantasyGUI.lib(tif_read.obj)' or at 'E:\Last Ver\Fantasy Project\bin\GLSL 120 Debug\vc120.pdb'; linking object as if no debug info
     1>FantasyGUI.lib(tif_predict.obj) : warning LNK4099: PDB 'vc120.pdb' was not found with 'FantasyGUI.lib(tif_predict.obj)' or at 'E:\Last Ver\Fantasy Project\bin\GLSL 120 Debug\vc120.pdb'; linking object as if no debug info
     1>FantasyGUI.lib(tif_pixarlog.obj) : warning LNK4099: PDB 'vc120.pdb' was not found with 'FantasyGUI.lib(tif_pixarlog.obj)' or at 'E:\Last Ver\Fantasy Project\bin\GLSL 120 Debug\vc120.pdb'; linking object as if no debug info
     1>FantasyGUI.lib(tif_packbits.obj) : warning LNK4099: PDB 'vc120.pdb' was not found with 'FantasyGUI.lib(tif_packbits.obj)' or at 'E:\Last Ver\Fantasy Project\bin\GLSL 120 Debug\vc120.pdb'; linking object as if no debug info
     1>FantasyGUI.lib(tif_open.obj) : warning LNK4099: PDB 'vc120.pdb' was not found with 'FantasyGUI.lib(tif_open.obj)' or at 'E:\Last Ver\Fantasy Project\bin\GLSL 120 Debug\vc120.pdb'; linking object as if no debug info
     1>FantasyGUI.lib(tif_ojpeg.obj) : warning LNK4099: PDB 'vc120.pdb' was not found with 'FantasyGUI.lib(tif_ojpeg.obj)' or at 'E:\Last Ver\Fantasy Project\bin\GLSL 120 Debug\vc120.pdb'; linking object as if no debug info
     1>FantasyGUI.lib(tif_next.obj) : warning LNK4099: PDB 'vc120.pdb' was not found with 'FantasyGUI.lib(tif_next.obj)' or at 'E:\Last Ver\Fantasy Project\bin\GLSL 120 Debug\vc120.pdb'; linking object as if no debug info
     1>FantasyGUI.lib(tif_lzw.obj) : warning LNK4099: PDB 'vc120.pdb' was not found with 'FantasyGUI.lib(tif_lzw.obj)' or at 'E:\Last Ver\Fantasy Project\bin\GLSL 120 Debug\vc120.pdb'; linking object as if no debug info
     1>FantasyGUI.lib(tif_luv.obj) : warning LNK4099: PDB 'vc120.pdb' was not found with 'FantasyGUI.lib(tif_luv.obj)' or at 'E:\Last Ver\Fantasy Project\bin\GLSL 120 Debug\vc120.pdb'; linking object as if no debug info
     1>FantasyGUI.lib(tif_jpeg.obj) : warning LNK4099: PDB 'vc120.pdb' was not found with 'FantasyGUI.lib(tif_jpeg.obj)' or at 'E:\Last Ver\Fantasy Project\bin\GLSL 120 Debug\vc120.pdb'; linking object as if no debug info
     1>FantasyGUI.lib(tif_getimage.obj) : warning LNK4099: PDB 'vc120.pdb' was not found with 'FantasyGUI.lib(tif_getimage.obj)' or at 'E:\Last Ver\Fantasy Project\bin\GLSL 120 Debug\vc120.pdb'; linking object as if no debug info
     1>FantasyGUI.lib(tif_flush.obj) : warning LNK4099: PDB 'vc120.pdb' was not found with 'FantasyGUI.lib(tif_flush.obj)' or at 'E:\Last Ver\Fantasy Project\bin\GLSL 120 Debug\vc120.pdb'; linking object as if no debug info
     1>FantasyGUI.lib(tif_fax3sm.obj) : warning LNK4099: PDB 'vc120.pdb' was not found with 'FantasyGUI.lib(tif_fax3sm.obj)' or at 'E:\Last Ver\Fantasy Project\bin\GLSL 120 Debug\vc120.pdb'; linking object as if no debug info
     1>FantasyGUI.lib(tif_fax3.obj) : warning LNK4099: PDB 'vc120.pdb' was not found with 'FantasyGUI.lib(tif_fax3.obj)' or at 'E:\Last Ver\Fantasy Project\bin\GLSL 120 Debug\vc120.pdb'; linking object as if no debug info
     1>FantasyGUI.lib(tif_extension.obj) : warning LNK4099: PDB 'vc120.pdb' was not found with 'FantasyGUI.lib(tif_extension.obj)' or at 'E:\Last Ver\Fantasy Project\bin\GLSL 120 Debug\vc120.pdb'; linking object as if no debug info
     1>FantasyGUI.lib(tif_error.obj) : warning LNK4099: PDB 'vc120.pdb' was not found with 'FantasyGUI.lib(tif_error.obj)' or at 'E:\Last Ver\Fantasy Project\bin\GLSL 120 Debug\vc120.pdb'; linking object as if no debug info
     1>FantasyGUI.lib(tif_dumpmode.obj) : warning LNK4099: PDB 'vc120.pdb' was not found with 'FantasyGUI.lib(tif_dumpmode.obj)' or at 'E:\Last Ver\Fantasy Project\bin\GLSL 120 Debug\vc120.pdb'; linking object as if no debug info
     1>FantasyGUI.lib(tif_dirwrite.obj) : warning LNK4099: PDB 'vc120.pdb' was not found with 'FantasyGUI.lib(tif_dirwrite.obj)' or at 'E:\Last Ver\Fantasy Project\bin\GLSL 120 Debug\vc120.pdb'; linking object as if no debug info
     1>FantasyGUI.lib(tif_dirread.obj) : warning LNK4099: PDB 'vc120.pdb' was not found with 'FantasyGUI.lib(tif_dirread.obj)' or at 'E:\Last Ver\Fantasy Project\bin\GLSL 120 Debug\vc120.pdb'; linking object as if no debug info
     1>FantasyGUI.lib(tif_dirinfo.obj) : warning LNK4099: PDB 'vc120.pdb' was not found with 'FantasyGUI.lib(tif_dirinfo.obj)' or at 'E:\Last Ver\Fantasy Project\bin\GLSL 120 Debug\vc120.pdb'; linking object as if no debug info
     1>FantasyGUI.lib(tif_dir.obj) : warning LNK4099: PDB 'vc120.pdb' was not found with 'FantasyGUI.lib(tif_dir.obj)' or at 'E:\Last Ver\Fantasy Project\bin\GLSL 120 Debug\vc120.pdb'; linking object as if no debug info
     1>FantasyGUI.lib(tif_compress.obj) : warning LNK4099: PDB 'vc120.pdb' was not found with 'FantasyGUI.lib(tif_compress.obj)' or at 'E:\Last Ver\Fantasy Project\bin\GLSL 120 Debug\vc120.pdb'; linking object as if no debug info
     1>FantasyGUI.lib(tif_color.obj) : warning LNK4099: PDB 'vc120.pdb' was not found with 'FantasyGUI.lib(tif_color.obj)' or at 'E:\Last Ver\Fantasy Project\bin\GLSL 120 Debug\vc120.pdb'; linking object as if no debug info
     1>FantasyGUI.lib(tif_codec.obj) : warning LNK4099: PDB 'vc120.pdb' was not found with 'FantasyGUI.lib(tif_codec.obj)' or at 'E:\Last Ver\Fantasy Project\bin\GLSL 120 Debug\vc120.pdb'; linking object as if no debug info
     1>FantasyGUI.lib(tif_close.obj) : warning LNK4099: PDB 'vc120.pdb' was not found with 'FantasyGUI.lib(tif_close.obj)' or at 'E:\Last Ver\Fantasy Project\bin\GLSL 120 Debug\vc120.pdb'; linking object as if no debug info
     1>FantasyGUI.lib(tif_aux.obj) : warning LNK4099: PDB 'vc120.pdb' was not found with 'FantasyGUI.lib(tif_aux.obj)' or at 'E:\Last Ver\Fantasy Project\bin\GLSL 120 Debug\vc120.pdb'; linking object as if no debug info
     1>FantasyGUI.lib(libraw_datastream.obj) : warning LNK4099: PDB 'vc120.pdb' was not found with 'FantasyGUI.lib(libraw_datastream.obj)' or at 'E:\Last Ver\Fantasy Project\bin\GLSL 120 Debug\vc120.pdb'; linking object as if no debug info
     1>FantasyGUI.lib(libraw_cxx.obj) : warning LNK4099: PDB 'vc120.pdb' was not found with 'FantasyGUI.lib(libraw_cxx.obj)' or at 'E:\Last Ver\Fantasy Project\bin\GLSL 120 Debug\vc120.pdb'; linking object as if no debug info
     1>FantasyGUI.lib(demosaic_packs.obj) : warning LNK4099: PDB 'vc120.pdb' was not found with 'FantasyGUI.lib(demosaic_packs.obj)' or at 'E:\Last Ver\Fantasy Project\bin\GLSL 120 Debug\vc120.pdb'; linking object as if no debug info
     1>FantasyGUI.lib(dcraw_fileio.obj) : warning LNK4099: PDB 'vc120.pdb' was not found with 'FantasyGUI.lib(dcraw_fileio.obj)' or at 'E:\Last Ver\Fantasy Project\bin\GLSL 120 Debug\vc120.pdb'; linking object as if no debug info
     1>FantasyGUI.lib(dcraw_common.obj) : warning LNK4099: PDB 'vc120.pdb' was not found with 'FantasyGUI.lib(dcraw_common.obj)' or at 'E:\Last Ver\Fantasy Project\bin\GLSL 120 Debug\vc120.pdb'; linking object as if no debug info
     1>FantasyGUI.lib(pngwutil.obj) : warning LNK4099: PDB 'vc120.pdb' was not found with 'FantasyGUI.lib(pngwutil.obj)' or at 'E:\Last Ver\Fantasy Project\bin\GLSL 120 Debug\vc120.pdb'; linking object as if no debug info
     1>FantasyGUI.lib(pngwtran.obj) : warning LNK4099: PDB 'vc120.pdb' was not found with 'FantasyGUI.lib(pngwtran.obj)' or at 'E:\Last Ver\Fantasy Project\bin\GLSL 120 Debug\vc120.pdb'; linking object as if no debug info
     1>FantasyGUI.lib(pngwrite.obj) : warning LNK4099: PDB 'vc120.pdb' was not found with 'FantasyGUI.lib(pngwrite.obj)' or at 'E:\Last Ver\Fantasy Project\bin\GLSL 120 Debug\vc120.pdb'; linking object as if no debug info
     1>FantasyGUI.lib(pngwio.obj) : warning LNK4099: PDB 'vc120.pdb' was not found with 'FantasyGUI.lib(pngwio.obj)' or at 'E:\Last Ver\Fantasy Project\bin\GLSL 120 Debug\vc120.pdb'; linking object as if no debug info
     1>FantasyGUI.lib(pngtrans.obj) : warning LNK4099: PDB 'vc120.pdb' was not found with 'FantasyGUI.lib(pngtrans.obj)' or at 'E:\Last Ver\Fantasy Project\bin\GLSL 120 Debug\vc120.pdb'; linking object as if no debug info
     1>FantasyGUI.lib(pngset.obj) : warning LNK4099: PDB 'vc120.pdb' was not found with 'FantasyGUI.lib(pngset.obj)' or at 'E:\Last Ver\Fantasy Project\bin\GLSL 120 Debug\vc120.pdb'; linking object as if no debug info
     1>FantasyGUI.lib(pngrutil.obj) : warning LNK4099: PDB 'vc120.pdb' was not found with 'FantasyGUI.lib(pngrutil.obj)' or at 'E:\Last Ver\Fantasy Project\bin\GLSL 120 Debug\vc120.pdb'; linking object as if no debug info
     1>FantasyGUI.lib(pngrtran.obj) : warning LNK4099: PDB 'vc120.pdb' was not found with 'FantasyGUI.lib(pngrtran.obj)' or at 'E:\Last Ver\Fantasy Project\bin\GLSL 120 Debug\vc120.pdb'; linking object as if no debug info
     1>FantasyGUI.lib(pngrio.obj) : warning LNK4099: PDB 'vc120.pdb' was not found with 'FantasyGUI.lib(pngrio.obj)' or at 'E:\Last Ver\Fantasy Project\bin\GLSL 120 Debug\vc120.pdb'; linking object as if no debug info
     1>FantasyGUI.lib(pngread.obj) : warning LNK4099: PDB 'vc120.pdb' was not found with 'FantasyGUI.lib(pngread.obj)' or at 'E:\Last Ver\Fantasy Project\bin\GLSL 120 Debug\vc120.pdb'; linking object as if no debug info
     1>FantasyGUI.lib(pngmem.obj) : warning LNK4099: PDB 'vc120.pdb' was not found with 'FantasyGUI.lib(pngmem.obj)' or at 'E:\Last Ver\Fantasy Project\bin\GLSL 120 Debug\vc120.pdb'; linking object as if no debug info
     1>FantasyGUI.lib(pngget.obj) : warning LNK4099: PDB 'vc120.pdb' was not found with 'FantasyGUI.lib(pngget.obj)' or at 'E:\Last Ver\Fantasy Project\bin\GLSL 120 Debug\vc120.pdb'; linking object as if no debug info
     1>FantasyGUI.lib(pngerror.obj) : warning LNK4099: PDB 'vc120.pdb' was not found with 'FantasyGUI.lib(pngerror.obj)' or at 'E:\Last Ver\Fantasy Project\bin\GLSL 120 Debug\vc120.pdb'; linking object as if no debug info
     1>FantasyGUI.lib(png.obj) : warning LNK4099: PDB 'vc120.pdb' was not found with 'FantasyGUI.lib(png.obj)' or at 'E:\Last Ver\Fantasy Project\bin\GLSL 120 Debug\vc120.pdb'; linking object as if no debug info
     1>FantasyGUI.lib(zutil.obj) : warning LNK4099: PDB 'vc120.pdb' was not found with 'FantasyGUI.lib(zutil.obj)' or at 'E:\Last Ver\Fantasy Project\bin\GLSL 120 Debug\vc120.pdb'; linking object as if no debug info
     1>FantasyGUI.lib(uncompr.obj) : warning LNK4099: PDB 'vc120.pdb' was not found with 'FantasyGUI.lib(uncompr.obj)' or at 'E:\Last Ver\Fantasy Project\bin\GLSL 120 Debug\vc120.pdb'; linking object as if no debug info
     1>FantasyGUI.lib(trees.obj) : warning LNK4099: PDB 'vc120.pdb' was not found with 'FantasyGUI.lib(trees.obj)' or at 'E:\Last Ver\Fantasy Project\bin\GLSL 120 Debug\vc120.pdb'; linking object as if no debug info
     1>FantasyGUI.lib(inftrees.obj) : warning LNK4099: PDB 'vc120.pdb' was not found with 'FantasyGUI.lib(inftrees.obj)' or at 'E:\Last Ver\Fantasy Project\bin\GLSL 120 Debug\vc120.pdb'; linking object as if no debug info
     1>FantasyGUI.lib(inflate.obj) : warning LNK4099: PDB 'vc120.pdb' was not found with 'FantasyGUI.lib(inflate.obj)' or at 'E:\Last Ver\Fantasy Project\bin\GLSL 120 Debug\vc120.pdb'; linking object as if no debug info
     1>FantasyGUI.lib(inffast.obj) : warning LNK4099: PDB 'vc120.pdb' was not found with 'FantasyGUI.lib(inffast.obj)' or at 'E:\Last Ver\Fantasy Project\bin\GLSL 120 Debug\vc120.pdb'; linking object as if no debug info
     1>FantasyGUI.lib(deflate.obj) : warning LNK4099: PDB 'vc120.pdb' was not found with 'FantasyGUI.lib(deflate.obj)' or at 'E:\Last Ver\Fantasy Project\bin\GLSL 120 Debug\vc120.pdb'; linking object as if no debug info
     1>FantasyGUI.lib(crc32.obj) : warning LNK4099: PDB 'vc120.pdb' was not found with 'FantasyGUI.lib(crc32.obj)' or at 'E:\Last Ver\Fantasy Project\bin\GLSL 120 Debug\vc120.pdb'; linking object as if no debug info
     1>FantasyGUI.lib(compress.obj) : warning LNK4099: PDB 'vc120.pdb' was not found with 'FantasyGUI.lib(compress.obj)' or at 'E:\Last Ver\Fantasy Project\bin\GLSL 120 Debug\vc120.pdb'; linking object as if no debug info
     1>FantasyGUI.lib(adler32.obj) : warning LNK4099: PDB 'vc120.pdb' was not found with 'FantasyGUI.lib(adler32.obj)' or at 'E:\Last Ver\Fantasy Project\bin\GLSL 120 Debug\vc120.pdb'; linking object as if no debug info
     1>FantasyGUI.lib(tgt.obj) : warning LNK4099: PDB 'vc120.pdb' was not found with 'FantasyGUI.lib(tgt.obj)' or at 'E:\Last Ver\Fantasy Project\bin\GLSL 120 Debug\vc120.pdb'; linking object as if no debug info
     1>FantasyGUI.lib(tcd.obj) : warning LNK4099: PDB 'vc120.pdb' was not found with 'FantasyGUI.lib(tcd.obj)' or at 'E:\Last Ver\Fantasy Project\bin\GLSL 120 Debug\vc120.pdb'; linking object as if no debug info
     1>FantasyGUI.lib(t2.obj) : warning LNK4099: PDB 'vc120.pdb' was not found with 'FantasyGUI.lib(t2.obj)' or at 'E:\Last Ver\Fantasy Project\bin\GLSL 120 Debug\vc120.pdb'; linking object as if no debug info
     1>FantasyGUI.lib(t1.obj) : warning LNK4099: PDB 'vc120.pdb' was not found with 'FantasyGUI.lib(t1.obj)' or at 'E:\Last Ver\Fantasy Project\bin\GLSL 120 Debug\vc120.pdb'; linking object as if no debug info
     1>FantasyGUI.lib(raw.obj) : warning LNK4099: PDB 'vc120.pdb' was not found with 'FantasyGUI.lib(raw.obj)' or at 'E:\Last Ver\Fantasy Project\bin\GLSL 120 Debug\vc120.pdb'; linking object as if no debug info
     1>FantasyGUI.lib(pi.obj) : warning LNK4099: PDB 'vc120.pdb' was not found with 'FantasyGUI.lib(pi.obj)' or at 'E:\Last Ver\Fantasy Project\bin\GLSL 120 Debug\vc120.pdb'; linking object as if no debug info
     1>FantasyGUI.lib(openjpeg.obj) : warning LNK4099: PDB 'vc120.pdb' was not found with 'FantasyGUI.lib(openjpeg.obj)' or at 'E:\Last Ver\Fantasy Project\bin\GLSL 120 Debug\vc120.pdb'; linking object as if no debug info
     1>FantasyGUI.lib(mqc.obj) : warning LNK4099: PDB 'vc120.pdb' was not found with 'FantasyGUI.lib(mqc.obj)' or at 'E:\Last Ver\Fantasy Project\bin\GLSL 120 Debug\vc120.pdb'; linking object as if no debug info
     1>FantasyGUI.lib(mct.obj) : warning LNK4099: PDB 'vc120.pdb' was not found with 'FantasyGUI.lib(mct.obj)' or at 'E:\Last Ver\Fantasy Project\bin\GLSL 120 Debug\vc120.pdb'; linking object as if no debug info
     1>FantasyGUI.lib(jp2.obj) : warning LNK4099: PDB 'vc120.pdb' was not found with 'FantasyGUI.lib(jp2.obj)' or at 'E:\Last Ver\Fantasy Project\bin\GLSL 120 Debug\vc120.pdb'; linking object as if no debug info
     1>FantasyGUI.lib(j2k.obj) : warning LNK4099: PDB 'vc120.pdb' was not found with 'FantasyGUI.lib(j2k.obj)' or at 'E:\Last Ver\Fantasy Project\bin\GLSL 120 Debug\vc120.pdb'; linking object as if no debug info
     1>FantasyGUI.lib(invert.obj) : warning LNK4099: PDB 'vc120.pdb' was not found with 'FantasyGUI.lib(invert.obj)' or at 'E:\Last Ver\Fantasy Project\bin\GLSL 120 Debug\vc120.pdb'; linking object as if no debug info
     1>FantasyGUI.lib(image.obj) : warning LNK4099: PDB 'vc120.pdb' was not found with 'FantasyGUI.lib(image.obj)' or at 'E:\Last Ver\Fantasy Project\bin\GLSL 120 Debug\vc120.pdb'; linking object as if no debug info
     1>FantasyGUI.lib(function_list.obj) : warning LNK4099: PDB 'vc120.pdb' was not found with 'FantasyGUI.lib(function_list.obj)' or at 'E:\Last Ver\Fantasy Project\bin\GLSL 120 Debug\vc120.pdb'; linking object as if no debug info
     1>FantasyGUI.lib(event.obj) : warning LNK4099: PDB 'vc120.pdb' was not found with 'FantasyGUI.lib(event.obj)' or at 'E:\Last Ver\Fantasy Project\bin\GLSL 120 Debug\vc120.pdb'; linking object as if no debug info
     1>FantasyGUI.lib(dwt.obj) : warning LNK4099: PDB 'vc120.pdb' was not found with 'FantasyGUI.lib(dwt.obj)' or at 'E:\Last Ver\Fantasy Project\bin\GLSL 120 Debug\vc120.pdb'; linking object as if no debug info
     1>FantasyGUI.lib(cio.obj) : warning LNK4099: PDB 'vc120.pdb' was not found with 'FantasyGUI.lib(cio.obj)' or at 'E:\Last Ver\Fantasy Project\bin\GLSL 120 Debug\vc120.pdb'; linking object as if no debug info
     1>FantasyGUI.lib(bio.obj) : warning LNK4099: PDB 'vc120.pdb' was not found with 'FantasyGUI.lib(bio.obj)' or at 'E:\Last Ver\Fantasy Project\bin\GLSL 120 Debug\vc120.pdb'; linking object as if no debug info
     1>FantasyGUI.lib(JXRMeta.obj) : warning LNK4099: PDB 'vc120.pdb' was not found with 'FantasyGUI.lib(JXRMeta.obj)' or at 'E:\Last Ver\Fantasy Project\bin\GLSL 120 Debug\vc120.pdb'; linking object as if no debug info
     1>FantasyGUI.lib(JXRGluePFC.obj) : warning LNK4099: PDB 'vc120.pdb' was not found with 'FantasyGUI.lib(JXRGluePFC.obj)' or at 'E:\Last Ver\Fantasy Project\bin\GLSL 120 Debug\vc120.pdb'; linking object as if no debug info
     1>FantasyGUI.lib(JXRGlueJxr.obj) : warning LNK4099: PDB 'vc120.pdb' was not found with 'FantasyGUI.lib(JXRGlueJxr.obj)' or at 'E:\Last Ver\Fantasy Project\bin\GLSL 120 Debug\vc120.pdb'; linking object as if no debug info
     1>FantasyGUI.lib(JXRGlue.obj) : warning LNK4099: PDB 'vc120.pdb' was not found with 'FantasyGUI.lib(JXRGlue.obj)' or at 'E:\Last Ver\Fantasy Project\bin\GLSL 120 Debug\vc120.pdb'; linking object as if no debug info
     1>FantasyGUI.lib(strTransform.obj) : warning LNK4099: PDB 'vc120.pdb' was not found with 'FantasyGUI.lib(strTransform.obj)' or at 'E:\Last Ver\Fantasy Project\bin\GLSL 120 Debug\vc120.pdb'; linking object as if no debug info
     1>FantasyGUI.lib(strPredQuant.obj) : warning LNK4099: PDB 'vc120.pdb' was not found with 'FantasyGUI.lib(strPredQuant.obj)' or at 'E:\Last Ver\Fantasy Project\bin\GLSL 120 Debug\vc120.pdb'; linking object as if no debug info
     1>FantasyGUI.lib(strcodec.obj) : warning LNK4099: PDB 'vc120.pdb' was not found with 'FantasyGUI.lib(strcodec.obj)' or at 'E:\Last Ver\Fantasy Project\bin\GLSL 120 Debug\vc120.pdb'; linking object as if no debug info
     1>FantasyGUI.lib(image.obj) : warning LNK4099: PDB 'vc120.pdb' was not found with 'FantasyGUI.lib(image.obj)' or at 'E:\Last Ver\Fantasy Project\bin\GLSL 120 Debug\vc120.pdb'; linking object as if no debug info
     1>FantasyGUI.lib(adapthuff.obj) : warning LNK4099: PDB 'vc120.pdb' was not found with 'FantasyGUI.lib(adapthuff.obj)' or at 'E:\Last Ver\Fantasy Project\bin\GLSL 120 Debug\vc120.pdb'; linking object as if no debug info
     1>FantasyGUI.lib(strPredQuantEnc.obj) : warning LNK4099: PDB 'vc120.pdb' was not found with 'FantasyGUI.lib(strPredQuantEnc.obj)' or at 'E:\Last Ver\Fantasy Project\bin\GLSL 120 Debug\vc120.pdb'; linking object as if no debug info
     1>FantasyGUI.lib(strFwdTransform.obj) : warning LNK4099: PDB 'vc120.pdb' was not found with 'FantasyGUI.lib(strFwdTransform.obj)' or at 'E:\Last Ver\Fantasy Project\bin\GLSL 120 Debug\vc120.pdb'; linking object as if no debug info
     1>FantasyGUI.lib(strenc.obj) : warning LNK4099: PDB 'vc120.pdb' was not found with 'FantasyGUI.lib(strenc.obj)' or at 'E:\Last Ver\Fantasy Project\bin\GLSL 120 Debug\vc120.pdb'; linking object as if no debug info
     1>FantasyGUI.lib(segenc.obj) : warning LNK4099: PDB 'vc120.pdb' was not found with 'FantasyGUI.lib(segenc.obj)' or at 'E:\Last Ver\Fantasy Project\bin\GLSL 120 Debug\vc120.pdb'; linking object as if no debug info
     1>FantasyGUI.lib(encode.obj) : warning LNK4099: PDB 'vc120.pdb' was not found with 'FantasyGUI.lib(encode.obj)' or at 'E:\Last Ver\Fantasy Project\bin\GLSL 120 Debug\vc120.pdb'; linking object as if no debug info
     1>FantasyGUI.lib(strPredQuantDec.obj) : warning LNK4099: PDB 'vc120.pdb' was not found with 'FantasyGUI.lib(strPredQuantDec.obj)' or at 'E:\Last Ver\Fantasy Project\bin\GLSL 120 Debug\vc120.pdb'; linking object as if no debug info
     1>FantasyGUI.lib(strInvTransform.obj) : warning LNK4099: PDB 'vc120.pdb' was not found with 'FantasyGUI.lib(strInvTransform.obj)' or at 'E:\Last Ver\Fantasy Project\bin\GLSL 120 Debug\vc120.pdb'; linking object as if no debug info
     1>FantasyGUI.lib(strdec.obj) : warning LNK4099: PDB 'vc120.pdb' was not found with 'FantasyGUI.lib(strdec.obj)' or at 'E:\Last Ver\Fantasy Project\bin\GLSL 120 Debug\vc120.pdb'; linking object as if no debug info
     1>FantasyGUI.lib(segdec.obj) : warning LNK4099: PDB 'vc120.pdb' was not found with 'FantasyGUI.lib(segdec.obj)' or at 'E:\Last Ver\Fantasy Project\bin\GLSL 120 Debug\vc120.pdb'; linking object as if no debug info
     1>FantasyGUI.lib(postprocess.obj) : warning LNK4099: PDB 'vc120.pdb' was not found with 'FantasyGUI.lib(postprocess.obj)' or at 'E:\Last Ver\Fantasy Project\bin\GLSL 120 Debug\vc120.pdb'; linking object as if no debug info
     1>FantasyGUI.lib(JXRTranscode.obj) : warning LNK4099: PDB 'vc120.pdb' was not found with 'FantasyGUI.lib(JXRTranscode.obj)' or at 'E:\Last Ver\Fantasy Project\bin\GLSL 120 Debug\vc120.pdb'; linking object as if no debug info
     1>FantasyGUI.lib(decode.obj) : warning LNK4099: PDB 'vc120.pdb' was not found with 'FantasyGUI.lib(decode.obj)' or at 'E:\Last Ver\Fantasy Project\bin\GLSL 120 Debug\vc120.pdb'; linking object as if no debug info
     1>FantasyGUI.lib(jutils.obj) : warning LNK4099: PDB 'vc120.pdb' was not found with 'FantasyGUI.lib(jutils.obj)' or at 'E:\Last Ver\Fantasy Project\bin\GLSL 120 Debug\vc120.pdb'; linking object as if no debug info
     1>FantasyGUI.lib(jquant2.obj) : warning LNK4099: PDB 'vc120.pdb' was not found with 'FantasyGUI.lib(jquant2.obj)' or at 'E:\Last Ver\Fantasy Project\bin\GLSL 120 Debug\vc120.pdb'; linking object as if no debug info
     1>FantasyGUI.lib(jquant1.obj) : warning LNK4099: PDB 'vc120.pdb' was not found with 'FantasyGUI.lib(jquant1.obj)' or at 'E:\Last Ver\Fantasy Project\bin\GLSL 120 Debug\vc120.pdb'; linking object as if no debug info
     1>FantasyGUI.lib(jmemnobs.obj) : warning LNK4099: PDB 'vc120.pdb' was not found with 'FantasyGUI.lib(jmemnobs.obj)' or at 'E:\Last Ver\Fantasy Project\bin\GLSL 120 Debug\vc120.pdb'; linking object as if no debug info
     1>FantasyGUI.lib(jmemmgr.obj) : warning LNK4099: PDB 'vc120.pdb' was not found with 'FantasyGUI.lib(jmemmgr.obj)' or at 'E:\Last Ver\Fantasy Project\bin\GLSL 120 Debug\vc120.pdb'; linking object as if no debug info
     1>FantasyGUI.lib(jidctint.obj) : warning LNK4099: PDB 'vc120.pdb' was not found with 'FantasyGUI.lib(jidctint.obj)' or at 'E:\Last Ver\Fantasy Project\bin\GLSL 120 Debug\vc120.pdb'; linking object as if no debug info
     1>FantasyGUI.lib(jidctfst.obj) : warning LNK4099: PDB 'vc120.pdb' was not found with 'FantasyGUI.lib(jidctfst.obj)' or at 'E:\Last Ver\Fantasy Project\bin\GLSL 120 Debug\vc120.pdb'; linking object as if no debug info
     1>FantasyGUI.lib(jidctflt.obj) : warning LNK4099: PDB 'vc120.pdb' was not found with 'FantasyGUI.lib(jidctflt.obj)' or at 'E:\Last Ver\Fantasy Project\bin\GLSL 120 Debug\vc120.pdb'; linking object as if no debug info
     1>FantasyGUI.lib(jfdctint.obj) : warning LNK4099: PDB 'vc120.pdb' was not found with 'FantasyGUI.lib(jfdctint.obj)' or at 'E:\Last Ver\Fantasy Project\bin\GLSL 120 Debug\vc120.pdb'; linking object as if no debug info
     1>FantasyGUI.lib(jfdctfst.obj) : warning LNK4099: PDB 'vc120.pdb' was not found with 'FantasyGUI.lib(jfdctfst.obj)' or at 'E:\Last Ver\Fantasy Project\bin\GLSL 120 Debug\vc120.pdb'; linking object as if no debug info
     1>FantasyGUI.lib(jfdctflt.obj) : warning LNK4099: PDB 'vc120.pdb' was not found with 'FantasyGUI.lib(jfdctflt.obj)' or at 'E:\Last Ver\Fantasy Project\bin\GLSL 120 Debug\vc120.pdb'; linking object as if no debug info
     1>FantasyGUI.lib(jerror.obj) : warning LNK4099: PDB 'vc120.pdb' was not found with 'FantasyGUI.lib(jerror.obj)' or at 'E:\Last Ver\Fantasy Project\bin\GLSL 120 Debug\vc120.pdb'; linking object as if no debug info
     1>FantasyGUI.lib(jdsample.obj) : warning LNK4099: PDB 'vc120.pdb' was not found with 'FantasyGUI.lib(jdsample.obj)' or at 'E:\Last Ver\Fantasy Project\bin\GLSL 120 Debug\vc120.pdb'; linking object as if no debug info
     1>FantasyGUI.lib(jdpostct.obj) : warning LNK4099: PDB 'vc120.pdb' was not found with 'FantasyGUI.lib(jdpostct.obj)' or at 'E:\Last Ver\Fantasy Project\bin\GLSL 120 Debug\vc120.pdb'; linking object as if no debug info
     1>FantasyGUI.lib(jdmerge.obj) : warning LNK4099: PDB 'vc120.pdb' was not found with 'FantasyGUI.lib(jdmerge.obj)' or at 'E:\Last Ver\Fantasy Project\bin\GLSL 120 Debug\vc120.pdb'; linking object as if no debug info
     1>FantasyGUI.lib(jdmaster.obj) : warning LNK4099: PDB 'vc120.pdb' was not found with 'FantasyGUI.lib(jdmaster.obj)' or at 'E:\Last Ver\Fantasy Project\bin\GLSL 120 Debug\vc120.pdb'; linking object as if no debug info
     1>FantasyGUI.lib(jdmarker.obj) : warning LNK4099: PDB 'vc120.pdb' was not found with 'FantasyGUI.lib(jdmarker.obj)' or at 'E:\Last Ver\Fantasy Project\bin\GLSL 120 Debug\vc120.pdb'; linking object as if no debug info
     1>FantasyGUI.lib(jdmainct.obj) : warning LNK4099: PDB 'vc120.pdb' was not found with 'FantasyGUI.lib(jdmainct.obj)' or at 'E:\Last Ver\Fantasy Project\bin\GLSL 120 Debug\vc120.pdb'; linking object as if no debug info
     1>FantasyGUI.lib(jdinput.obj) : warning LNK4099: PDB 'vc120.pdb' was not found with 'FantasyGUI.lib(jdinput.obj)' or at 'E:\Last Ver\Fantasy Project\bin\GLSL 120 Debug\vc120.pdb'; linking object as if no debug info
     1>FantasyGUI.lib(jdhuff.obj) : warning LNK4099: PDB 'vc120.pdb' was not found with 'FantasyGUI.lib(jdhuff.obj)' or at 'E:\Last Ver\Fantasy Project\bin\GLSL 120 Debug\vc120.pdb'; linking object as if no debug info
     1>FantasyGUI.lib(jddctmgr.obj) : warning LNK4099: PDB 'vc120.pdb' was not found with 'FantasyGUI.lib(jddctmgr.obj)' or at 'E:\Last Ver\Fantasy Project\bin\GLSL 120 Debug\vc120.pdb'; linking object as if no debug info
     1>FantasyGUI.lib(jdcolor.obj) : warning LNK4099: PDB 'vc120.pdb' was not found with 'FantasyGUI.lib(jdcolor.obj)' or at 'E:\Last Ver\Fantasy Project\bin\GLSL 120 Debug\vc120.pdb'; linking object as if no debug info
     1>FantasyGUI.lib(jdcoefct.obj) : warning LNK4099: PDB 'vc120.pdb' was not found with 'FantasyGUI.lib(jdcoefct.obj)' or at 'E:\Last Ver\Fantasy Project\bin\GLSL 120 Debug\vc120.pdb'; linking object as if no debug info
     1>FantasyGUI.lib(jdarith.obj) : warning LNK4099: PDB 'vc120.pdb' was not found with 'FantasyGUI.lib(jdarith.obj)' or at 'E:\Last Ver\Fantasy Project\bin\GLSL 120 Debug\vc120.pdb'; linking object as if no debug info
     1>FantasyGUI.lib(jdapistd.obj) : warning LNK4099: PDB 'vc120.pdb' was not found with 'FantasyGUI.lib(jdapistd.obj)' or at 'E:\Last Ver\Fantasy Project\bin\GLSL 120 Debug\vc120.pdb'; linking object as if no debug info
     1>FantasyGUI.lib(jdapimin.obj) : warning LNK4099: PDB 'vc120.pdb' was not found with 'FantasyGUI.lib(jdapimin.obj)' or at 'E:\Last Ver\Fantasy Project\bin\GLSL 120 Debug\vc120.pdb'; linking object as if no debug info
     1>FantasyGUI.lib(jcsample.obj) : warning LNK4099: PDB 'vc120.pdb' was not found with 'FantasyGUI.lib(jcsample.obj)' or at 'E:\Last Ver\Fantasy Project\bin\GLSL 120 Debug\vc120.pdb'; linking object as if no debug info
     1>FantasyGUI.lib(jcprepct.obj) : warning LNK4099: PDB 'vc120.pdb' was not found with 'FantasyGUI.lib(jcprepct.obj)' or at 'E:\Last Ver\Fantasy Project\bin\GLSL 120 Debug\vc120.pdb'; linking object as if no debug info
     1>FantasyGUI.lib(jcparam.obj) : warning LNK4099: PDB 'vc120.pdb' was not found with 'FantasyGUI.lib(jcparam.obj)' or at 'E:\Last Ver\Fantasy Project\bin\GLSL 120 Debug\vc120.pdb'; linking object as if no debug info
     1>FantasyGUI.lib(jcomapi.obj) : warning LNK4099: PDB 'vc120.pdb' was not found with 'FantasyGUI.lib(jcomapi.obj)' or at 'E:\Last Ver\Fantasy Project\bin\GLSL 120 Debug\vc120.pdb'; linking object as if no debug info
     1>FantasyGUI.lib(jcmaster.obj) : warning LNK4099: PDB 'vc120.pdb' was not found with 'FantasyGUI.lib(jcmaster.obj)' or at 'E:\Last Ver\Fantasy Project\bin\GLSL 120 Debug\vc120.pdb'; linking object as if no debug info
     1>FantasyGUI.lib(jcmarker.obj) : warning LNK4099: PDB 'vc120.pdb' was not found with 'FantasyGUI.lib(jcmarker.obj)' or at 'E:\Last Ver\Fantasy Project\bin\GLSL 120 Debug\vc120.pdb'; linking object as if no debug info
     1>FantasyGUI.lib(jcmainct.obj) : warning LNK4099: PDB 'vc120.pdb' was not found with 'FantasyGUI.lib(jcmainct.obj)' or at 'E:\Last Ver\Fantasy Project\bin\GLSL 120 Debug\vc120.pdb'; linking object as if no debug info
     1>FantasyGUI.lib(jcinit.obj) : warning LNK4099: PDB 'vc120.pdb' was not found with 'FantasyGUI.lib(jcinit.obj)' or at 'E:\Last Ver\Fantasy Project\bin\GLSL 120 Debug\vc120.pdb'; linking object as if no debug info
     1>FantasyGUI.lib(jchuff.obj) : warning LNK4099: PDB 'vc120.pdb' was not found with 'FantasyGUI.lib(jchuff.obj)' or at 'E:\Last Ver\Fantasy Project\bin\GLSL 120 Debug\vc120.pdb'; linking object as if no debug info
     1>FantasyGUI.lib(jcdctmgr.obj) : warning LNK4099: PDB 'vc120.pdb' was not found with 'FantasyGUI.lib(jcdctmgr.obj)' or at 'E:\Last Ver\Fantasy Project\bin\GLSL 120 Debug\vc120.pdb'; linking object as if no debug info
     1>FantasyGUI.lib(jccolor.obj) : warning LNK4099: PDB 'vc120.pdb' was not found with 'FantasyGUI.lib(jccolor.obj)' or at 'E:\Last Ver\Fantasy Project\bin\GLSL 120 Debug\vc120.pdb'; linking object as if no debug info
     1>FantasyGUI.lib(jccoefct.obj) : warning LNK4099: PDB 'vc120.pdb' was not found with 'FantasyGUI.lib(jccoefct.obj)' or at 'E:\Last Ver\Fantasy Project\bin\GLSL 120 Debug\vc120.pdb'; linking object as if no debug info
     1>FantasyGUI.lib(jcarith.obj) : warning LNK4099: PDB 'vc120.pdb' was not found with 'FantasyGUI.lib(jcarith.obj)' or at 'E:\Last Ver\Fantasy Project\bin\GLSL 120 Debug\vc120.pdb'; linking object as if no debug info
     1>FantasyGUI.lib(jcapistd.obj) : warning LNK4099: PDB 'vc120.pdb' was not found with 'FantasyGUI.lib(jcapistd.obj)' or at 'E:\Last Ver\Fantasy Project\bin\GLSL 120 Debug\vc120.pdb'; linking object as if no debug info
     1>FantasyGUI.lib(jcapimin.obj) : warning LNK4099: PDB 'vc120.pdb' was not found with 'FantasyGUI.lib(jcapimin.obj)' or at 'E:\Last Ver\Fantasy Project\bin\GLSL 120 Debug\vc120.pdb'; linking object as if no debug info
     1>FantasyGUI.lib(jaricom.obj) : warning LNK4099: PDB 'vc120.pdb' was not found with 'FantasyGUI.lib(jaricom.obj)' or at 'E:\Last Ver\Fantasy Project\bin\GLSL 120 Debug\vc120.pdb'; linking object as if no debug info
         Game.vcxproj -> E:\Last Ver\Fantasy Project\bin\GLSL 120 Debug\Game Layer.dll
     1>Done Building Project "E:\Last Ver\Fantasy Project\Game\Game.vcxproj" (Build target(s)).

Build succeeded.

Time Elapsed 00:00:12.26
