Build started 3/6/2016 1:48:36 PM.
     1>Project "C:\Users\ayaom\Desktop\Phase-1-90423ad25c665701373da71bddc2fafba3051846\Phase-1\Aya Omar\KaiEngine_platform trial\playground\playground\playground.vcxproj" on node 2 (Rebuild target(s)).
     1>ClCompile:
         C:\Program Files\Microsoft Visual Studio 12.0\VC\bin\CL.exe /c /ZI /nologo /W3 /WX- /sdl /Od /Oy- /D _DEBUG /D GLEW_STATIC /D _CRT_SECURE_NO_WARNINGS /D ANCIENT_VERSION=120 /D MODERN_VERSION=330 /D GLSL_VERSION=ANCIENT_VERSION /D _MBCS /Gm /EHsc /RTC1 /MDd /GS /fp:precise /Zc:wchar_t /Zc:forScope /Fo"C:\Users\ayaom\Desktop\Phase-1-90423ad25c665701373da71bddc2fafba3051846\Phase-1\Aya Omar\KaiEngine_platform trial\playground\intermediates\playground\GLSL 120 Debug\\" /Fd"C:\Users\ayaom\Desktop\Phase-1-90423ad25c665701373da71bddc2fafba3051846\Phase-1\Aya Omar\KaiEngine_platform trial\playground\intermediates\playground\GLSL 120 Debug\vc120.pdb" /Gd /TP /analyze- /errorReport:prompt InputManager.cpp main.cpp OGLInitializerWrapper.cpp WindowManager.cpp
         WindowManager.cpp
         OGLInitializerWrapper.cpp
     1>c:\users\ayaom\desktop\phase-1-90423ad25c665701373da71bddc2fafba3051846\phase-1\aya omar\kaiengine_platform trial\playground\playground\oglinitializerwrapper.cpp(204): warning C4800: 'BOOL' : forcing value to bool 'true' or 'false' (performance warning)
         main.cpp
     1>c:\users\ayaom\desktop\phase-1-90423ad25c665701373da71bddc2fafba3051846\phase-1\aya omar\kaiengine_platform trial\playground\playground engine\vertex.h(55): warning C4244: 'argument' : conversion from 'int' to 'float', possible loss of data
     1>c:\users\ayaom\desktop\phase-1-90423ad25c665701373da71bddc2fafba3051846\phase-1\aya omar\kaiengine_platform trial\playground\playground\main.h(6): warning C4067: unexpected tokens following preprocessor directive - expected a newline
     1>c:\users\ayaom\desktop\phase-1-90423ad25c665701373da71bddc2fafba3051846\phase-1\aya omar\kaiengine_platform trial\playground\playground\main.cpp(291): warning C4244: 'initializing' : conversion from 'double' to 'float', possible loss of data
     1>c:\users\ayaom\desktop\phase-1-90423ad25c665701373da71bddc2fafba3051846\phase-1\aya omar\kaiengine_platform trial\playground\playground\main.cpp(299): warning C4244: 'argument' : conversion from 'float' to 'DWORD', possible loss of data
     1>c:\users\ayaom\desktop\phase-1-90423ad25c665701373da71bddc2fafba3051846\phase-1\aya omar\kaiengine_platform trial\playground\playground\main.cpp(365): warning C4244: '=' : conversion from 'double' to 'float', possible loss of data
         InputManager.cpp
         Generating Code...
       Link:
         C:\Program Files\Microsoft Visual Studio 12.0\VC\bin\link.exe /ERRORREPORT:PROMPT /OUT:"C:\Users\ayaom\Desktop\Phase-1-90423ad25c665701373da71bddc2fafba3051846\Phase-1\Aya Omar\KaiEngine_platform trial\playground\bin\GLSL 120 Debug\playground.exe" /INCREMENTAL /NOLOGO glew32s.lib opengl32.lib kernel32.lib user32.lib gdi32.lib winspool.lib comdlg32.lib advapi32.lib shell32.lib ole32.lib oleaut32.lib uuid.lib odbc32.lib odbccp32.lib /NODEFAULTLIB:libcmtd.lib /MANIFEST /MANIFESTUAC:"level='asInvoker' uiAccess='false'" /manifest:embed /DEBUG /PDB:"C:\Users\ayaom\Desktop\Phase-1-90423ad25c665701373da71bddc2fafba3051846\Phase-1\Aya Omar\KaiEngine_platform trial\playground\bin\GLSL 120 Debug\playground.pdb" /SUBSYSTEM:WINDOWS /TLBID:1 /DYNAMICBASE /NXCOMPAT /IMPLIB:"C:\Users\ayaom\Desktop\Phase-1-90423ad25c665701373da71bddc2fafba3051846\Phase-1\Aya Omar\KaiEngine_platform trial\playground\bin\GLSL 120 Debug\playground.lib" /MACHINE:X86 "C:\Users\ayaom\Desktop\Phase-1-90423ad25c665701373da71bddc2fafba3051846\Phase-1\Aya Omar\KaiEngine_platform trial\playground\intermediates\playground\GLSL 120 Debug\InputManager.obj"
         "C:\Users\ayaom\Desktop\Phase-1-90423ad25c665701373da71bddc2fafba3051846\Phase-1\Aya Omar\KaiEngine_platform trial\playground\intermediates\playground\GLSL 120 Debug\main.obj"
         "C:\Users\ayaom\Desktop\Phase-1-90423ad25c665701373da71bddc2fafba3051846\Phase-1\Aya Omar\KaiEngine_platform trial\playground\intermediates\playground\GLSL 120 Debug\OGLInitializerWrapper.obj"
         "C:\Users\ayaom\Desktop\Phase-1-90423ad25c665701373da71bddc2fafba3051846\Phase-1\Aya Omar\KaiEngine_platform trial\playground\intermediates\playground\GLSL 120 Debug\WindowManager.obj"
     1>LINK : warning LNK4098: defaultlib 'LIBCMT' conflicts with use of other libs; use /NODEFAULTLIB:library
     1>glew32s.lib(glew.obj) : warning LNK4099: PDB 'vc120.pdb' was not found with 'glew32s.lib(glew.obj)' or at 'C:\Users\ayaom\Desktop\Phase-1-90423ad25c665701373da71bddc2fafba3051846\Phase-1\Aya Omar\KaiEngine_platform trial\playground\bin\GLSL 120 Debug\vc120.pdb'; linking object as if no debug info
         playground.vcxproj -> C:\Users\ayaom\Desktop\Phase-1-90423ad25c665701373da71bddc2fafba3051846\Phase-1\Aya Omar\KaiEngine_platform trial\playground\bin\GLSL 120 Debug\playground.exe
       PostBuildEvent:
         xcopy /Y /E "C:\Users\ayaom\Desktop\Phase-1-90423ad25c665701373da71bddc2fafba3051846\Phase-1\Aya Omar\KaiEngine_platform trial\playground\playground\Resources" "C:\Users\ayaom\Desktop\Phase-1-90423ad25c665701373da71bddc2fafba3051846\Phase-1\Aya Omar\KaiEngine_platform trial\playground\bin\GLSL 120 Debug\Resources\"
         :VCEnd
         C:\Users\ayaom\Desktop\Phase-1-90423ad25c665701373da71bddc2fafba3051846\Phase-1\Aya Omar\KaiEngine_platform trial\playground\playground\Resources\levels\four.lvl
         C:\Users\ayaom\Desktop\Phase-1-90423ad25c665701373da71bddc2fafba3051846\Phase-1\Aya Omar\KaiEngine_platform trial\playground\playground\Resources\levels\level1.txt
         C:\Users\ayaom\Desktop\Phase-1-90423ad25c665701373da71bddc2fafba3051846\Phase-1\Aya Omar\KaiEngine_platform trial\playground\playground\Resources\levels\one.lvl
         C:\Users\ayaom\Desktop\Phase-1-90423ad25c665701373da71bddc2fafba3051846\Phase-1\Aya Omar\KaiEngine_platform trial\playground\playground\Resources\levels\three.lvl
         C:\Users\ayaom\Desktop\Phase-1-90423ad25c665701373da71bddc2fafba3051846\Phase-1\Aya Omar\KaiEngine_platform trial\playground\playground\Resources\levels\two.lvl
         C:\Users\ayaom\Desktop\Phase-1-90423ad25c665701373da71bddc2fafba3051846\Phase-1\Aya Omar\KaiEngine_platform trial\playground\playground\Resources\Shaders\fragment shader 120.frag
         C:\Users\ayaom\Desktop\Phase-1-90423ad25c665701373da71bddc2fafba3051846\Phase-1\Aya Omar\KaiEngine_platform trial\playground\playground\Resources\Shaders\fragment shader.frag
         C:\Users\ayaom\Desktop\Phase-1-90423ad25c665701373da71bddc2fafba3051846\Phase-1\Aya Omar\KaiEngine_platform trial\playground\playground\Resources\Shaders\vertex shader 120.vert
         C:\Users\ayaom\Desktop\Phase-1-90423ad25c665701373da71bddc2fafba3051846\Phase-1\Aya Omar\KaiEngine_platform trial\playground\playground\Resources\Shaders\vertex shader.vert
         C:\Users\ayaom\Desktop\Phase-1-90423ad25c665701373da71bddc2fafba3051846\Phase-1\Aya Omar\KaiEngine_platform trial\playground\playground\Resources\Textures\awesomeface.png
         C:\Users\ayaom\Desktop\Phase-1-90423ad25c665701373da71bddc2fafba3051846\Phase-1\Aya Omar\KaiEngine_platform trial\playground\playground\Resources\Textures\background.png
         C:\Users\ayaom\Desktop\Phase-1-90423ad25c665701373da71bddc2fafba3051846\Phase-1\Aya Omar\KaiEngine_platform trial\playground\playground\Resources\Textures\block.png
         C:\Users\ayaom\Desktop\Phase-1-90423ad25c665701373da71bddc2fafba3051846\Phase-1\Aya Omar\KaiEngine_platform trial\playground\playground\Resources\Textures\block_solid.png
         C:\Users\ayaom\Desktop\Phase-1-90423ad25c665701373da71bddc2fafba3051846\Phase-1\Aya Omar\KaiEngine_platform trial\playground\playground\Resources\Textures\paddle.png
         C:\Users\ayaom\Desktop\Phase-1-90423ad25c665701373da71bddc2fafba3051846\Phase-1\Aya Omar\KaiEngine_platform trial\playground\playground\Resources\Textures\player.png
         C:\Users\ayaom\Desktop\Phase-1-90423ad25c665701373da71bddc2fafba3051846\Phase-1\Aya Omar\KaiEngine_platform trial\playground\playground\Resources\Textures\player1.png
         C:\Users\ayaom\Desktop\Phase-1-90423ad25c665701373da71bddc2fafba3051846\Phase-1\Aya Omar\KaiEngine_platform trial\playground\playground\Resources\Textures\player2.png
         C:\Users\ayaom\Desktop\Phase-1-90423ad25c665701373da71bddc2fafba3051846\Phase-1\Aya Omar\KaiEngine_platform trial\playground\playground\Resources\Textures\player3.png
         C:\Users\ayaom\Desktop\Phase-1-90423ad25c665701373da71bddc2fafba3051846\Phase-1\Aya Omar\KaiEngine_platform trial\playground\playground\Resources\Textures\tile1.png
         C:\Users\ayaom\Desktop\Phase-1-90423ad25c665701373da71bddc2fafba3051846\Phase-1\Aya Omar\KaiEngine_platform trial\playground\playground\Resources\Textures\tile2.png
         C:\Users\ayaom\Desktop\Phase-1-90423ad25c665701373da71bddc2fafba3051846\Phase-1\Aya Omar\KaiEngine_platform trial\playground\playground\Resources\Textures\tile3.png
         C:\Users\ayaom\Desktop\Phase-1-90423ad25c665701373da71bddc2fafba3051846\Phase-1\Aya Omar\KaiEngine_platform trial\playground\playground\Resources\Textures\tile4.png
         C:\Users\ayaom\Desktop\Phase-1-90423ad25c665701373da71bddc2fafba3051846\Phase-1\Aya Omar\KaiEngine_platform trial\playground\playground\Resources\TileMaps\map1.txt
         C:\Users\ayaom\Desktop\Phase-1-90423ad25c665701373da71bddc2fafba3051846\Phase-1\Aya Omar\KaiEngine_platform trial\playground\playground\Resources\TileMaps\map2.txt
         24 File(s) copied
     1>Done Building Project "C:\Users\ayaom\Desktop\Phase-1-90423ad25c665701373da71bddc2fafba3051846\Phase-1\Aya Omar\KaiEngine_platform trial\playground\playground\playground.vcxproj" (Rebuild target(s)).

Build succeeded.

Time Elapsed 00:00:10.71
