  WindowManager.cpp
g:\work 3\phase-1\kai\playground\playground\platform layer\windowmanager.cpp(108): warning C4800: 'int' : forcing value to bool 'true' or 'false' (performance warning)
  main.cpp
g:\work 3\phase-1\kai\playground\playground engine\vertex.h(55): warning C4244: 'argument' : conversion from 'int' to 'float', possible loss of data
  InputManager.cpp
  Generating Code...
  playground.vcxproj -> G:\work 3\Phase-1\Kai\playground\bin\GLSL 120 Debug\playground.exe
  G:\work 3\Phase-1\Kai\playground\playground\Resources\Shaders\fragment shader 120.frag
  G:\work 3\Phase-1\Kai\playground\playground\Resources\Shaders\fragment shader.frag
  G:\work 3\Phase-1\Kai\playground\playground\Resources\Shaders\vertex shader 120.vert
  G:\work 3\Phase-1\Kai\playground\playground\Resources\Shaders\vertex shader.vert
  G:\work 3\Phase-1\Kai\playground\playground\Resources\Textures\player.png
  G:\work 3\Phase-1\Kai\playground\playground\Resources\Textures\player1.png
  G:\work 3\Phase-1\Kai\playground\playground\Resources\Textures\player2.png
  G:\work 3\Phase-1\Kai\playground\playground\Resources\Textures\player3.png
  G:\work 3\Phase-1\Kai\playground\playground\Resources\Textures\tile1.png
  G:\work 3\Phase-1\Kai\playground\playground\Resources\Textures\tile2.png
  G:\work 3\Phase-1\Kai\playground\playground\Resources\Textures\tile3.png
  G:\work 3\Phase-1\Kai\playground\playground\Resources\Textures\tile4.png
  G:\work 3\Phase-1\Kai\playground\playground\Resources\TileMaps\map1.txt
  G:\work 3\Phase-1\Kai\playground\playground\Resources\TileMaps\map2.txt
  14 File(s) copied
