e:\fantasy project\intermediates\game\glsl 120 debug\vc120.pdb
e:\fantasy project\intermediates\game\glsl 120 debug\vc120.idb
e:\fantasy project\intermediates\game\glsl 120 debug\game.obj
e:\fantasy project\intermediates\game\glsl 120 debug\player.obj
e:\fantasy project\bin\glsl 120 debug\game layer.lib
e:\fantasy project\bin\glsl 120 debug\game layer.exp
e:\fantasy project\bin\glsl 120 debug\game layer.pdb
e:\fantasy project\intermediates\game\glsl 120 debug\game layer.tlog\cl.command.1.tlog
e:\fantasy project\intermediates\game\glsl 120 debug\game layer.tlog\cl.read.1.tlog
e:\fantasy project\intermediates\game\glsl 120 debug\game layer.tlog\cl.write.1.tlog
e:\fantasy project\intermediates\game\glsl 120 debug\game layer.tlog\game layer.write.1u.tlog
e:\fantasy project\intermediates\game\glsl 120 debug\game layer.tlog\link.7248-cvtres.read.1.tlog
e:\fantasy project\intermediates\game\glsl 120 debug\game layer.tlog\link.7248-cvtres.write.1.tlog
e:\fantasy project\intermediates\game\glsl 120 debug\game layer.tlog\link.7248-rc.read.1.tlog
e:\fantasy project\intermediates\game\glsl 120 debug\game layer.tlog\link.7248-rc.write.1.tlog
e:\fantasy project\intermediates\game\glsl 120 debug\game layer.tlog\link.7248.read.1.tlog
e:\fantasy project\intermediates\game\glsl 120 debug\game layer.tlog\link.7248.write.1.tlog
e:\fantasy project\intermediates\game\glsl 120 debug\game layer.tlog\link.command.1.tlog
e:\fantasy project\intermediates\game\glsl 120 debug\game layer.tlog\link.read.1.tlog
e:\fantasy project\intermediates\game\glsl 120 debug\game layer.tlog\link.write.1.tlog
