Build started 26/12/2015 03:26:58 ص.
     1>Project "E:\SDL OPEN_GL\Projects\window and input\window and input\window and input.vcxproj" on node 2 (build target(s)).
     1>InitializeBuildStatus:
         Creating "Debug\window and input.unsuccessfulbuild" because "AlwaysCreate" was specified.
       ClCompile:
         C:\Program Files\Microsoft Visual Studio 10.0\VC\bin\CL.exe /c /ZI /nologo /W3 /WX- /Od /Oy- /D _MBCS /Gm /EHsc /RTC1 /MDd /GS /fp:precise /Zc:wchar_t /Zc:forScope /Fo"Debug\\" /Fd"Debug\vc100.pdb" /Gd /TP /analyze- /errorReport:prompt window.cpp
         window.cpp
       Link:
         C:\Program Files\Microsoft Visual Studio 10.0\VC\bin\link.exe /ERRORREPORT:PROMPT /OUT:"E:\SDL OPEN_GL\Projects\window and input\Debug\window and input.exe" /NOLOGO SDL.lib SDLmain.lib kernel32.lib user32.lib gdi32.lib winspool.lib comdlg32.lib advapi32.lib shell32.lib ole32.lib oleaut32.lib uuid.lib odbc32.lib odbccp32.lib /MANIFEST /ManifestFile:"Debug\window and input.exe.intermediate.manifest" /MANIFESTUAC:"level='asInvoker' uiAccess='false'" /DEBUG /PDB:"E:\SDL OPEN_GL\Projects\window and input\Debug\window and input.pdb" /SUBSYSTEM:WINDOWS /TLBID:1 /DYNAMICBASE /NXCOMPAT /IMPLIB:"E:\SDL OPEN_GL\Projects\window and input\Debug\window and input.lib" /MACHINE:X86 Debug\window.obj
         LINK : E:\SDL OPEN_GL\Projects\window and input\Debug\window and input.exe not found or not built by the last incremental link; performing full link
     1>MSVCRTD.lib(cinitexe.obj) : warning LNK4098: defaultlib 'msvcrt.lib' conflicts with use of other libs; use /NODEFAULTLIB:library
         window and input.vcxproj -> E:\SDL OPEN_GL\Projects\window and input\Debug\window and input.exe
       Manifest:
         C:\Program Files\Microsoft SDKs\Windows\v7.0A\bin\mt.exe /nologo /verbose /outputresource:"E:\SDL OPEN_GL\Projects\window and input\Debug\window and input.exe;#1" /manifest "Debug\window and input.exe.intermediate.manifest"
       FinalizeBuildStatus:
         Deleting file "Debug\window and input.unsuccessfulbuild".
         Touching "Debug\window and input.lastbuildstate".
     1>Done Building Project "E:\SDL OPEN_GL\Projects\window and input\window and input\window and input.vcxproj" (build target(s)).

Build succeeded.

Time Elapsed 00:00:01.72
