Build started 2/25/2016 12:44:24 PM.
     1>Project "C:\Users\ayaom\Desktop\Phase-1-90423ad25c665701373da71bddc2fafba3051846\Kai\playground\playground game\playground game.vcxproj" on node 2 (Rebuild target(s)).
     1>ClCompile:
         C:\Program Files\Microsoft Visual Studio 12.0\VC\bin\CL.exe /c /ZI /nologo /W3 /WX- /sdl /Od /Oy- /D GAME_DLL_EXPORTS /D GLEW_STATIC /D _CRT_SECURE_NO_WARNINGS /D ANCIENT_VERSION=120 /D MODERN_VERSION=330 /D GLSL_VERSION=ANCIENT_VERSION /D _WINDLL /D _MBCS /Gm /EHsc /RTC1 /MTd /GS /fp:precise /Zc:wchar_t /Zc:forScope /Fo"C:\Users\ayaom\Desktop\Phase-1-90423ad25c665701373da71bddc2fafba3051846\Kai\playground\intermediates\playground game\GLSL 120 Debug\\" /Fd"C:\Users\ayaom\Desktop\Phase-1-90423ad25c665701373da71bddc2fafba3051846\Kai\playground\intermediates\playground game\GLSL 120 Debug\vc120.pdb" /Gd /TP /analyze- /errorReport:prompt Game.cpp ResourceManager.cpp TileMap.cpp
         TileMap.cpp
     1>c:\users\ayaom\desktop\phase-1-90423ad25c665701373da71bddc2fafba3051846\kai\playground\playground engine\vertex.h(55): warning C4244: 'argument' : conversion from 'int' to 'float', possible loss of data
     1>c:\users\ayaom\desktop\phase-1-90423ad25c665701373da71bddc2fafba3051846\kai\playground\playground game\tilemap.cpp(13): warning C4018: '<' : signed/unsigned mismatch
     1>c:\users\ayaom\desktop\phase-1-90423ad25c665701373da71bddc2fafba3051846\kai\playground\playground game\tilemap.cpp(25): warning C4018: '<' : signed/unsigned mismatch
         ResourceManager.cpp
         Game.cpp
     1>c:\users\ayaom\desktop\phase-1-90423ad25c665701373da71bddc2fafba3051846\kai\playground\playground engine\vertex.h(55): warning C4244: 'argument' : conversion from 'int' to 'float', possible loss of data
         Generating Code...
       Link:
         C:\Program Files\Microsoft Visual Studio 12.0\VC\bin\link.exe /ERRORREPORT:PROMPT /OUT:"C:\Users\ayaom\Desktop\Phase-1-90423ad25c665701373da71bddc2fafba3051846\Kai\playground\bin\GLSL 120 Debug\playground game.dll" /INCREMENTAL /NOLOGO glew32s.lib opengl32.lib "playground engine.lib" kernel32.lib user32.lib gdi32.lib winspool.lib comdlg32.lib advapi32.lib shell32.lib ole32.lib oleaut32.lib uuid.lib odbc32.lib odbccp32.lib /MANIFEST /MANIFESTUAC:"level='asInvoker' uiAccess='false'" /manifest:embed /DEBUG /PDB:"C:\Users\ayaom\Desktop\Phase-1-90423ad25c665701373da71bddc2fafba3051846\Kai\playground\bin\GLSL 120 Debug\playground game.pdb" /SUBSYSTEM:WINDOWS /TLBID:1 /DYNAMICBASE /NXCOMPAT /IMPLIB:"C:\Users\ayaom\Desktop\Phase-1-90423ad25c665701373da71bddc2fafba3051846\Kai\playground\bin\GLSL 120 Debug\playground game.lib" /MACHINE:X86 /DLL "C:\Users\ayaom\Desktop\Phase-1-90423ad25c665701373da71bddc2fafba3051846\Kai\playground\intermediates\playground game\GLSL 120 Debug\Game.obj"
         "C:\Users\ayaom\Desktop\Phase-1-90423ad25c665701373da71bddc2fafba3051846\Kai\playground\intermediates\playground game\GLSL 120 Debug\ResourceManager.obj"
         "C:\Users\ayaom\Desktop\Phase-1-90423ad25c665701373da71bddc2fafba3051846\Kai\playground\intermediates\playground game\GLSL 120 Debug\TileMap.obj"
            Creating library C:\Users\ayaom\Desktop\Phase-1-90423ad25c665701373da71bddc2fafba3051846\Kai\playground\bin\GLSL 120 Debug\playground game.lib and object C:\Users\ayaom\Desktop\Phase-1-90423ad25c665701373da71bddc2fafba3051846\Kai\playground\bin\GLSL 120 Debug\playground game.exp
     1>LINK : warning LNK4098: defaultlib 'LIBCMT' conflicts with use of other libs; use /NODEFAULTLIB:library
     1>glew32s.lib(glew.obj) : warning LNK4099: PDB 'vc120.pdb' was not found with 'glew32s.lib(glew.obj)' or at 'C:\Users\ayaom\Desktop\Phase-1-90423ad25c665701373da71bddc2fafba3051846\Kai\playground\bin\GLSL 120 Debug\vc120.pdb'; linking object as if no debug info
         playground game.vcxproj -> C:\Users\ayaom\Desktop\Phase-1-90423ad25c665701373da71bddc2fafba3051846\Kai\playground\bin\GLSL 120 Debug\playground game.dll
     1>Done Building Project "C:\Users\ayaom\Desktop\Phase-1-90423ad25c665701373da71bddc2fafba3051846\Kai\playground\playground game\playground game.vcxproj" (Rebuild target(s)).

Build succeeded.

Time Elapsed 00:00:05.94
