Build started 12/30/2015 3:03:25 AM.
     1>Project "E:\Final Project\codingTeam\Phase-1\Xenon\LearnOpenGl\LearnOpenGl\LearnOpenGl.vcxproj" on node 2 (Build target(s)).
     1>ClCompile:
         C:\Program Files (x86)\Microsoft Visual Studio 12.0\VC\bin\CL.exe /c /ZI /nologo /W3 /WX- /sdl /Od /Oy- /D _MBCS /Gm /EHsc /RTC1 /MDd /GS /fp:precise /Zc:wchar_t /Zc:forScope /Fo"Debug\\" /Fd"Debug\vc120.pdb" /Gd /TP /analyze- /errorReport:prompt main.cpp
         main.cpp
     1>e:\final project\codingteam\phase-1\xenon\learnopengl\learnopengl\main.cpp(199): warning C4244: 'initializing' : conversion from 'double' to 'GLfloat', possible loss of data
     1>e:\final project\codingteam\phase-1\xenon\learnopengl\learnopengl\main.cpp(200): warning C4244: 'initializing' : conversion from 'double' to 'GLfloat', possible loss of data
       Link:
         C:\Program Files (x86)\Microsoft Visual Studio 12.0\VC\bin\link.exe /ERRORREPORT:PROMPT /OUT:"E:\Final Project\codingTeam\Phase-1\Xenon\LearnOpenGl\Debug\LearnOpenGl.exe" /INCREMENTAL /NOLOGO opengl32.lib glew32s.lib glfw3.lib kernel32.lib user32.lib gdi32.lib winspool.lib comdlg32.lib advapi32.lib shell32.lib ole32.lib oleaut32.lib uuid.lib odbc32.lib odbccp32.lib /MANIFEST /MANIFESTUAC:"level='asInvoker' uiAccess='false'" /manifest:embed /DEBUG /PDB:"E:\Final Project\codingTeam\Phase-1\Xenon\LearnOpenGl\Debug\LearnOpenGl.pdb" /TLBID:1 /DYNAMICBASE /NXCOMPAT /IMPLIB:"E:\Final Project\codingTeam\Phase-1\Xenon\LearnOpenGl\Debug\LearnOpenGl.lib" /MACHINE:X86 Debug\main.obj
     1>LINK : warning LNK4098: defaultlib 'LIBCMT' conflicts with use of other libs; use /NODEFAULTLIB:library
     1>glew32s.lib(glew.obj) : warning LNK4099: PDB 'vc120.pdb' was not found with 'glew32s.lib(glew.obj)' or at 'E:\Final Project\codingTeam\Phase-1\Xenon\LearnOpenGl\Debug\vc120.pdb'; linking object as if no debug info
     1>glfw3.lib(context.obj) : warning LNK4099: PDB 'vc110.pdb' was not found with 'glfw3.lib(context.obj)' or at 'E:\Final Project\codingTeam\Phase-1\Xenon\LearnOpenGl\Debug\vc110.pdb'; linking object as if no debug info
     1>glfw3.lib(init.obj) : warning LNK4099: PDB 'vc110.pdb' was not found with 'glfw3.lib(init.obj)' or at 'E:\Final Project\codingTeam\Phase-1\Xenon\LearnOpenGl\Debug\vc110.pdb'; linking object as if no debug info
     1>glfw3.lib(input.obj) : warning LNK4099: PDB 'vc110.pdb' was not found with 'glfw3.lib(input.obj)' or at 'E:\Final Project\codingTeam\Phase-1\Xenon\LearnOpenGl\Debug\vc110.pdb'; linking object as if no debug info
     1>glfw3.lib(monitor.obj) : warning LNK4099: PDB 'vc110.pdb' was not found with 'glfw3.lib(monitor.obj)' or at 'E:\Final Project\codingTeam\Phase-1\Xenon\LearnOpenGl\Debug\vc110.pdb'; linking object as if no debug info
     1>glfw3.lib(window.obj) : warning LNK4099: PDB 'vc110.pdb' was not found with 'glfw3.lib(window.obj)' or at 'E:\Final Project\codingTeam\Phase-1\Xenon\LearnOpenGl\Debug\vc110.pdb'; linking object as if no debug info
     1>glfw3.lib(win32_init.obj) : warning LNK4099: PDB 'vc110.pdb' was not found with 'glfw3.lib(win32_init.obj)' or at 'E:\Final Project\codingTeam\Phase-1\Xenon\LearnOpenGl\Debug\vc110.pdb'; linking object as if no debug info
     1>glfw3.lib(win32_monitor.obj) : warning LNK4099: PDB 'vc110.pdb' was not found with 'glfw3.lib(win32_monitor.obj)' or at 'E:\Final Project\codingTeam\Phase-1\Xenon\LearnOpenGl\Debug\vc110.pdb'; linking object as if no debug info
     1>glfw3.lib(win32_time.obj) : warning LNK4099: PDB 'vc110.pdb' was not found with 'glfw3.lib(win32_time.obj)' or at 'E:\Final Project\codingTeam\Phase-1\Xenon\LearnOpenGl\Debug\vc110.pdb'; linking object as if no debug info
     1>glfw3.lib(win32_tls.obj) : warning LNK4099: PDB 'vc110.pdb' was not found with 'glfw3.lib(win32_tls.obj)' or at 'E:\Final Project\codingTeam\Phase-1\Xenon\LearnOpenGl\Debug\vc110.pdb'; linking object as if no debug info
     1>glfw3.lib(win32_window.obj) : warning LNK4099: PDB 'vc110.pdb' was not found with 'glfw3.lib(win32_window.obj)' or at 'E:\Final Project\codingTeam\Phase-1\Xenon\LearnOpenGl\Debug\vc110.pdb'; linking object as if no debug info
     1>glfw3.lib(winmm_joystick.obj) : warning LNK4099: PDB 'vc110.pdb' was not found with 'glfw3.lib(winmm_joystick.obj)' or at 'E:\Final Project\codingTeam\Phase-1\Xenon\LearnOpenGl\Debug\vc110.pdb'; linking object as if no debug info
     1>glfw3.lib(wgl_context.obj) : warning LNK4099: PDB 'vc110.pdb' was not found with 'glfw3.lib(wgl_context.obj)' or at 'E:\Final Project\codingTeam\Phase-1\Xenon\LearnOpenGl\Debug\vc110.pdb'; linking object as if no debug info
         LearnOpenGl.vcxproj -> E:\Final Project\codingTeam\Phase-1\Xenon\LearnOpenGl\Debug\LearnOpenGl.exe
     1>Done Building Project "E:\Final Project\codingTeam\Phase-1\Xenon\LearnOpenGl\LearnOpenGl\LearnOpenGl.vcxproj" (Build target(s)).

Build succeeded.

Time Elapsed 00:00:00.91
