e:\last ver\fantasy project\intermediates\engine\glsl 120 debug\vc120.pdb
e:\last ver\fantasy project\intermediates\engine\glsl 120 debug\vc120.idb
e:\last ver\fantasy project\intermediates\engine\glsl 120 debug\actorsystem.obj
e:\last ver\fantasy project\intermediates\engine\glsl 120 debug\animator.obj
e:\last ver\fantasy project\intermediates\engine\glsl 120 debug\collision.obj
e:\last ver\fantasy project\intermediates\engine\glsl 120 debug\collisionsystem.obj
e:\last ver\fantasy project\intermediates\engine\glsl 120 debug\fileloader.obj
e:\last ver\fantasy project\intermediates\engine\glsl 120 debug\imageloader.obj
e:\last ver\fantasy project\intermediates\engine\glsl 120 debug\memoryallocator.obj
e:\last ver\fantasy project\intermediates\engine\glsl 120 debug\mesh.obj
e:\last ver\fantasy project\intermediates\engine\glsl 120 debug\resourcemanager.obj
e:\last ver\fantasy project\intermediates\engine\glsl 120 debug\shader.obj
e:\last ver\fantasy project\intermediates\engine\glsl 120 debug\renderingsystem.obj
e:\last ver\fantasy project\intermediates\engine\glsl 120 debug\texture.obj
e:\last ver\fantasy project\intermediates\engine\glsl 120 debug\transform.obj
e:\last ver\fantasy project\intermediates\engine\glsl 120 debug\transformsystem.obj
e:\last ver\fantasy project\intermediates\engine\glsl 120 debug\scenemanager.obj
e:\last ver\fantasy project\bin\engine\glsl 120 debug\fantasy engine.lib
e:\last ver\fantasy project\intermediates\engine\glsl 120 debug\engine layer.tlog\cl.command.1.tlog
e:\last ver\fantasy project\intermediates\engine\glsl 120 debug\engine layer.tlog\cl.read.1.tlog
e:\last ver\fantasy project\intermediates\engine\glsl 120 debug\engine layer.tlog\cl.write.1.tlog
e:\last ver\fantasy project\intermediates\engine\glsl 120 debug\engine layer.tlog\lib-link.read.1.tlog
e:\last ver\fantasy project\intermediates\engine\glsl 120 debug\engine layer.tlog\lib-link.write.1.tlog
e:\last ver\fantasy project\intermediates\engine\glsl 120 debug\engine layer.tlog\lib.command.1.tlog
