Build started 3/18/2016 4:11:02 PM.
     1>Project "C:\Users\ayaom\Desktop\Phase-1-90423ad25c665701373da71bddc2fafba3051846\Phase-1\Kai\playground\playground game\playground game.vcxproj" on node 2 (Build target(s)).
     1>ClCompile:
         C:\Program Files\Microsoft Visual Studio 12.0\VC\bin\CL.exe /c /ZI /nologo /W3 /WX- /sdl /Od /Oy- /D GAME_DLL_EXPORTS /D GLEW_STATIC /D _CRT_SECURE_NO_WARNINGS /D ANCIENT_VERSION=120 /D MODERN_VERSION=330 /D GLSL_VERSION=ANCIENT_VERSION /D _WINDLL /D _MBCS /Gm /EHsc /RTC1 /MTd /GS /fp:precise /Zc:wchar_t /Zc:forScope /Fo"C:\Users\ayaom\Desktop\Phase-1-90423ad25c665701373da71bddc2fafba3051846\Phase-1\Kai\playground\intermediates\playground game\GLSL 120 Debug\\" /Fd"C:\Users\ayaom\Desktop\Phase-1-90423ad25c665701373da71bddc2fafba3051846\Phase-1\Kai\playground\intermediates\playground game\GLSL 120 Debug\vc120.pdb" /Gd /TP /analyze- /errorReport:prompt Game.cpp
         Game.cpp
     1>c:\users\ayaom\desktop\phase-1-90423ad25c665701373da71bddc2fafba3051846\phase-1\kai\playground\playground game\game.cpp(17): warning C4244: 'initializing' : conversion from 'double' to 'int', possible loss of data
     1>c:\users\ayaom\desktop\phase-1-90423ad25c665701373da71bddc2fafba3051846\phase-1\kai\playground\playground game\game.cpp(35): warning C4305: 'initializing' : truncation from 'double' to 'float'
     1>c:\users\ayaom\desktop\phase-1-90423ad25c665701373da71bddc2fafba3051846\phase-1\kai\playground\playground game\game.cpp(50): warning C4305: 'argument' : truncation from 'double' to 'float'
     1>c:\users\ayaom\desktop\phase-1-90423ad25c665701373da71bddc2fafba3051846\phase-1\kai\playground\playground game\game.cpp(59): warning C4305: 'argument' : truncation from 'double' to 'float'
     1>c:\users\ayaom\desktop\phase-1-90423ad25c665701373da71bddc2fafba3051846\phase-1\kai\playground\playground game\game.cpp(137): warning C4244: '+=' : conversion from 'double' to 'float', possible loss of data
     1>c:\users\ayaom\desktop\phase-1-90423ad25c665701373da71bddc2fafba3051846\phase-1\kai\playground\playground game\game.cpp(232): warning C4244: '=' : conversion from 'double' to 'float', possible loss of data
     1>c:\users\ayaom\desktop\phase-1-90423ad25c665701373da71bddc2fafba3051846\phase-1\kai\playground\playground game\game.cpp(285): warning C4244: '=' : conversion from 'double' to 'float', possible loss of data
     1>c:\users\ayaom\desktop\phase-1-90423ad25c665701373da71bddc2fafba3051846\phase-1\kai\playground\playground game\game.cpp(337): warning C4244: '=' : conversion from 'double' to 'float', possible loss of data
     1>c:\users\ayaom\desktop\phase-1-90423ad25c665701373da71bddc2fafba3051846\phase-1\kai\playground\playground game\game.cpp(398): warning C4244: '=' : conversion from 'double' to 'float', possible loss of data
       Link:
         C:\Program Files\Microsoft Visual Studio 12.0\VC\bin\link.exe /ERRORREPORT:PROMPT /OUT:"C:\Users\ayaom\Desktop\Phase-1-90423ad25c665701373da71bddc2fafba3051846\Phase-1\Kai\playground\bin\GLSL 120 Debug\playground game.dll" /INCREMENTAL /NOLOGO glew32s.lib opengl32.lib "playground engine.lib" kernel32.lib user32.lib gdi32.lib winspool.lib comdlg32.lib advapi32.lib shell32.lib ole32.lib oleaut32.lib uuid.lib odbc32.lib odbccp32.lib /MANIFEST /MANIFESTUAC:"level='asInvoker' uiAccess='false'" /manifest:embed /DEBUG /PDB:"C:\Users\ayaom\Desktop\Phase-1-90423ad25c665701373da71bddc2fafba3051846\Phase-1\Kai\playground\bin\GLSL 120 Debug\playground game.pdb" /SUBSYSTEM:WINDOWS /TLBID:1 /DYNAMICBASE /NXCOMPAT /IMPLIB:"C:\Users\ayaom\Desktop\Phase-1-90423ad25c665701373da71bddc2fafba3051846\Phase-1\Kai\playground\bin\GLSL 120 Debug\playground game.lib" /MACHINE:X86 /DLL "C:\Users\ayaom\Desktop\Phase-1-90423ad25c665701373da71bddc2fafba3051846\Phase-1\Kai\playground\intermediates\playground game\GLSL 120 Debug\Game.obj"
         "C:\Users\ayaom\Desktop\Phase-1-90423ad25c665701373da71bddc2fafba3051846\Phase-1\Kai\playground\intermediates\playground game\GLSL 120 Debug\ResourceManager.obj"
         "C:\Users\ayaom\Desktop\Phase-1-90423ad25c665701373da71bddc2fafba3051846\Phase-1\Kai\playground\intermediates\playground game\GLSL 120 Debug\TileMap.obj"
         playground game.vcxproj -> C:\Users\ayaom\Desktop\Phase-1-90423ad25c665701373da71bddc2fafba3051846\Phase-1\Kai\playground\bin\GLSL 120 Debug\playground game.dll
     1>Done Building Project "C:\Users\ayaom\Desktop\Phase-1-90423ad25c665701373da71bddc2fafba3051846\Phase-1\Kai\playground\playground game\playground game.vcxproj" (Build target(s)).

Build succeeded.

Time Elapsed 00:00:49.27
