g:\projects\work 3\phase-1\kai\playground\intermediates\playground engine\glsl 120 debug\vc120.pdb
g:\projects\work 3\phase-1\kai\playground\intermediates\playground engine\glsl 120 debug\vc120.idb
g:\projects\work 3\phase-1\kai\playground\intermediates\playground engine\glsl 120 debug\fileloader.obj
g:\projects\work 3\phase-1\kai\playground\intermediates\playground engine\glsl 120 debug\imageloader.obj
g:\projects\work 3\phase-1\kai\playground\intermediates\playground engine\glsl 120 debug\memoryallocator.obj
g:\projects\work 3\phase-1\kai\playground\intermediates\playground engine\glsl 120 debug\resourcemanager.obj
g:\projects\work 3\phase-1\kai\playground\intermediates\playground engine\glsl 120 debug\shader.obj
g:\projects\work 3\phase-1\kai\playground\intermediates\playground engine\glsl 120 debug\texture.obj
g:\projects\work 3\phase-1\kai\playground\intermediates\playground engine\glsl 120 debug\transform.obj
g:\projects\work 3\phase-1\kai\playground\intermediates\playground engine\glsl 120 debug\mat4.obj
g:\projects\work 3\phase-1\kai\playground\intermediates\playground engine\glsl 120 debug\vec2.obj
g:\projects\work 3\phase-1\kai\playground\intermediates\playground engine\glsl 120 debug\vec3.obj
g:\projects\work 3\phase-1\kai\playground\intermediates\playground engine\glsl 120 debug\mesh.obj
g:\projects\work 3\phase-1\kai\playground\intermediates\playground engine\glsl 120 debug\renderingsystem.obj
g:\projects\work 3\phase-1\kai\playground\intermediates\playground engine\glsl 120 debug\world.obj
g:\projects\work 3\phase-1\kai\playground\intermediates\playground engine\glsl 120 debug\actorsystem.obj
g:\projects\work 3\phase-1\kai\playground\intermediates\playground engine\glsl 120 debug\animator.obj
g:\projects\work 3\phase-1\kai\playground\intermediates\playground engine\glsl 120 debug\transformsystem.obj
g:\projects\work 3\phase-1\kai\playground\bin\playground engine\glsl 120 debug\playground engine.lib
g:\projects\work 3\phase-1\kai\playground\intermediates\playground engine\glsl 120 debug\playgrou.7361398a.tlog\cl.command.1.tlog
g:\projects\work 3\phase-1\kai\playground\intermediates\playground engine\glsl 120 debug\playgrou.7361398a.tlog\cl.read.1.tlog
g:\projects\work 3\phase-1\kai\playground\intermediates\playground engine\glsl 120 debug\playgrou.7361398a.tlog\cl.write.1.tlog
g:\projects\work 3\phase-1\kai\playground\intermediates\playground engine\glsl 120 debug\playgrou.7361398a.tlog\lib-link.read.1.tlog
g:\projects\work 3\phase-1\kai\playground\intermediates\playground engine\glsl 120 debug\playgrou.7361398a.tlog\lib-link.write.1.tlog
g:\projects\work 3\phase-1\kai\playground\intermediates\playground engine\glsl 120 debug\playgrou.7361398a.tlog\lib.command.1.tlog
